{"/home/george/Code/strapi-plugin-oidc/dist/server/index.js": {"path":"/home/george/Code/strapi-plugin-oidc/dist/server/index.js","statementMap":{"0":{"start":{"line":2,"column":0},"end":{"line":2,"column":null}},"1":{"start":{"line":3,"column":14},"end":{"line":3,"column":30}},"2":{"start":{"line":4,"column":20},"end":{"line":4,"column":42}},"3":{"start":{"line":5,"column":22},"end":{"line":5,"column":47}},"4":{"start":{"line":6,"column":20},"end":{"line":6,"column":44}},"5":{"start":{"line":7,"column":18},"end":{"line":7,"column":46}},"6":{"start":{"line":8,"column":24},"end":{"line":8,"column":69}},"7":{"start":{"line":8,"column":31},"end":{"line":8,"column":69}},"8":{"start":{"line":9,"column":39},"end":{"line":9,"column":61}},"9":{"start":{"line":10,"column":47},"end":{"line":10,"column":77}},"10":{"start":{"line":11,"column":45},"end":{"line":11,"column":73}},"11":{"start":{"line":12,"column":43},"end":{"line":12,"column":69}},"12":{"start":{"line":16,"column":18},"end":{"line":29,"column":3}},"13":{"start":{"line":30,"column":2},"end":{"line":30,"column":null}},"14":{"start":{"line":31,"column":2},"end":{"line":50,"column":null}},"15":{"start":{"line":32,"column":26},"end":{"line":34,"column":6}},"16":{"start":{"line":35,"column":4},"end":{"line":47,"column":null}},"17":{"start":{"line":36,"column":25},"end":{"line":38,"column":8}},"18":{"start":{"line":39,"column":6},"end":{"line":46,"column":null}},"19":{"start":{"line":40,"column":8},"end":{"line":45,"column":null}},"20":{"start":{"line":49,"column":4},"end":{"line":49,"column":null}},"21":{"start":{"line":51,"column":2},"end":{"line":71,"column":null}},"22":{"start":{"line":54,"column":25},"end":{"line":54,"column":30}},"23":{"start":{"line":55,"column":6},"end":{"line":55,"column":null}},"24":{"start":{"line":55,"column":26},"end":{"line":55,"column":null}},"25":{"start":{"line":56,"column":20},"end":{"line":56,"column":74}},"26":{"start":{"line":57,"column":29},"end":{"line":57,"column":84}},"27":{"start":{"line":58,"column":6},"end":{"line":58,"column":null}},"28":{"start":{"line":58,"column":27},"end":{"line":58,"column":null}},"29":{"start":{"line":59,"column":28},"end":{"line":62,"column":8}},"30":{"start":{"line":63,"column":6},"end":{"line":69,"column":null}},"31":{"start":{"line":64,"column":24},"end":{"line":64,"column":71}},"32":{"start":{"line":64,"column":55},"end":{"line":64,"column":70}},"33":{"start":{"line":65,"column":8},"end":{"line":68,"column":null}},"34":{"start":{"line":75,"column":15},"end":{"line":93,"column":1}},"35":{"start":{"line":94,"column":15},"end":{"line":94,"column":149}},"36":{"start":{"line":95,"column":18},"end":{"line":95,"column":46}},"37":{"start":{"line":96,"column":24},"end":{"line":96,"column":113}},"38":{"start":{"line":97,"column":21},"end":{"line":97,"column":152}},"39":{"start":{"line":98,"column":17},"end":{"line":103,"column":1}},"40":{"start":{"line":104,"column":14},"end":{"line":106,"column":1}},"41":{"start":{"line":107,"column":15},"end":{"line":107,"column":154}},"42":{"start":{"line":108,"column":16},"end":{"line":108,"column":44}},"43":{"start":{"line":109,"column":22},"end":{"line":109,"column":111}},"44":{"start":{"line":110,"column":19},"end":{"line":110,"column":161}},"45":{"start":{"line":111,"column":15},"end":{"line":116,"column":1}},"46":{"start":{"line":117,"column":19},"end":{"line":119,"column":1}},"47":{"start":{"line":120,"column":21},"end":{"line":123,"column":1}},"48":{"start":{"line":125,"column":18},"end":{"line":125,"column":65}},"49":{"start":{"line":126,"column":2},"end":{"line":128,"column":null}},"50":{"start":{"line":127,"column":4},"end":{"line":127,"column":null}},"51":{"start":{"line":129,"column":2},"end":{"line":129,"column":null}},"52":{"start":{"line":132,"column":18},"end":{"line":132,"column":27}},"53":{"start":{"line":133,"column":90},"end":{"line":133,"column":108}},"54":{"start":{"line":134,"column":73},"end":{"line":134,"column":111}},"55":{"start":{"line":135,"column":2},"end":{"line":135,"column":null}},"56":{"start":{"line":136,"column":2},"end":{"line":138,"column":null}},"57":{"start":{"line":137,"column":4},"end":{"line":137,"column":null}},"58":{"start":{"line":139,"column":2},"end":{"line":139,"column":null}},"59":{"start":{"line":140,"column":17},"end":{"line":140,"column":38}},"60":{"start":{"line":141,"column":2},"end":{"line":141,"column":null}},"61":{"start":{"line":142,"column":2},"end":{"line":142,"column":null}},"62":{"start":{"line":143,"column":2},"end":{"line":143,"column":null}},"63":{"start":{"line":144,"column":2},"end":{"line":144,"column":null}},"64":{"start":{"line":145,"column":2},"end":{"line":145,"column":null}},"65":{"start":{"line":146,"column":2},"end":{"line":146,"column":null}},"66":{"start":{"line":147,"column":2},"end":{"line":147,"column":null}},"67":{"start":{"line":148,"column":27},"end":{"line":148,"column":80}},"68":{"start":{"line":149,"column":2},"end":{"line":149,"column":null}},"69":{"start":{"line":150,"column":2},"end":{"line":150,"column":null}},"70":{"start":{"line":153,"column":18},"end":{"line":153,"column":36}},"71":{"start":{"line":154,"column":21},"end":{"line":154,"column":52}},"72":{"start":{"line":155,"column":22},"end":{"line":155,"column":51}},"73":{"start":{"line":156,"column":24},"end":{"line":156,"column":76}},"74":{"start":{"line":157,"column":23},"end":{"line":157,"column":74}},"75":{"start":{"line":158,"column":28},"end":{"line":158,"column":84}},"76":{"start":{"line":159,"column":2},"end":{"line":161,"column":null}},"77":{"start":{"line":160,"column":4},"end":{"line":160,"column":null}},"78":{"start":{"line":162,"column":2},"end":{"line":164,"column":null}},"79":{"start":{"line":163,"column":4},"end":{"line":163,"column":null}},"80":{"start":{"line":165,"column":17},"end":{"line":165,"column":38}},"81":{"start":{"line":166,"column":2},"end":{"line":166,"column":null}},"82":{"start":{"line":167,"column":2},"end":{"line":167,"column":null}},"83":{"start":{"line":168,"column":2},"end":{"line":168,"column":null}},"84":{"start":{"line":169,"column":2},"end":{"line":169,"column":null}},"85":{"start":{"line":170,"column":2},"end":{"line":170,"column":null}},"86":{"start":{"line":171,"column":2},"end":{"line":171,"column":null}},"87":{"start":{"line":172,"column":2},"end":{"line":226,"column":null}},"88":{"start":{"line":173,"column":21},"end":{"line":177,"column":6}},"89":{"start":{"line":178,"column":34},"end":{"line":178,"column":36}},"90":{"start":{"line":179,"column":37},"end":{"line":179,"column":82}},"91":{"start":{"line":180,"column":4},"end":{"line":185,"column":null}},"92":{"start":{"line":181,"column":6},"end":{"line":183,"column":null}},"93":{"start":{"line":184,"column":6},"end":{"line":184,"column":null}},"94":{"start":{"line":186,"column":29},"end":{"line":186,"column":97}},"95":{"start":{"line":187,"column":25},"end":{"line":190,"column":5}},"96":{"start":{"line":191,"column":18},"end":{"line":191,"column":41}},"97":{"start":{"line":192,"column":26},"end":{"line":192,"column":79}},"98":{"start":{"line":193,"column":19},"end":{"line":193,"column":58}},"99":{"start":{"line":196,"column":4},"end":{"line":217,"column":null}},"100":{"start":{"line":197,"column":6},"end":{"line":197,"column":null}},"101":{"start":{"line":198,"column":6},"end":{"line":198,"column":null}},"102":{"start":{"line":200,"column":19},"end":{"line":200,"column":21}},"103":{"start":{"line":201,"column":6},"end":{"line":206,"column":null}},"104":{"start":{"line":202,"column":8},"end":{"line":202,"column":null}},"105":{"start":{"line":204,"column":26},"end":{"line":204,"column":56}},"106":{"start":{"line":205,"column":8},"end":{"line":205,"column":null}},"107":{"start":{"line":207,"column":28},"end":{"line":207,"column":81}},"108":{"start":{"line":208,"column":6},"end":{"line":214,"column":null}},"109":{"start":{"line":215,"column":6},"end":{"line":215,"column":null}},"110":{"start":{"line":216,"column":6},"end":{"line":216,"column":null}},"111":{"start":{"line":218,"column":4},"end":{"line":218,"column":null}},"112":{"start":{"line":219,"column":18},"end":{"line":219,"column":42}},"113":{"start":{"line":220,"column":17},"end":{"line":220,"column":81}},"114":{"start":{"line":221,"column":4},"end":{"line":221,"column":null}},"115":{"start":{"line":222,"column":4},"end":{"line":222,"column":null}},"116":{"start":{"line":224,"column":4},"end":{"line":224,"column":null}},"117":{"start":{"line":225,"column":4},"end":{"line":225,"column":null}},"118":{"start":{"line":229,"column":18},"end":{"line":229,"column":65}},"119":{"start":{"line":230,"column":20},"end":{"line":230,"column":46}},"120":{"start":{"line":231,"column":2},"end":{"line":236,"column":null}},"121":{"start":{"line":232,"column":4},"end":{"line":232,"column":null}},"122":{"start":{"line":234,"column":26},"end":{"line":234,"column":66}},"123":{"start":{"line":235,"column":4},"end":{"line":235,"column":null}},"124":{"start":{"line":238,"column":13},"end":{"line":242,"column":1}},"125":{"start":{"line":244,"column":23},"end":{"line":244,"column":74}},"126":{"start":{"line":245,"column":17},"end":{"line":245,"column":42}},"127":{"start":{"line":246,"column":24},"end":{"line":246,"column":51}},"128":{"start":{"line":247,"column":2},"end":{"line":253,"column":null}},"129":{"start":{"line":248,"column":4},"end":{"line":252,"column":null}},"130":{"start":{"line":249,"column":6},"end":{"line":251,"column":null}},"131":{"start":{"line":250,"column":8},"end":{"line":250,"column":null}},"132":{"start":{"line":254,"column":2},"end":{"line":254,"column":null}},"133":{"start":{"line":257,"column":2},"end":{"line":265,"column":null}},"134":{"start":{"line":258,"column":30},"end":{"line":258,"column":46}},"135":{"start":{"line":259,"column":25},"end":{"line":259,"column":76}},"136":{"start":{"line":260,"column":4},"end":{"line":260,"column":null}},"137":{"start":{"line":261,"column":4},"end":{"line":261,"column":null}},"138":{"start":{"line":263,"column":4},"end":{"line":263,"column":null}},"139":{"start":{"line":264,"column":4},"end":{"line":264,"column":null}},"140":{"start":{"line":267,"column":13},"end":{"line":270,"column":1}},"141":{"start":{"line":272,"column":28},"end":{"line":272,"column":84}},"142":{"start":{"line":273,"column":19},"end":{"line":273,"column":56}},"143":{"start":{"line":274,"column":25},"end":{"line":274,"column":59}},"144":{"start":{"line":275,"column":2},"end":{"line":279,"column":null}},"145":{"start":{"line":282,"column":40},"end":{"line":282,"column":56}},"146":{"start":{"line":283,"column":28},"end":{"line":283,"column":84}},"147":{"start":{"line":284,"column":2},"end":{"line":284,"column":null}},"148":{"start":{"line":285,"column":2},"end":{"line":285,"column":null}},"149":{"start":{"line":288,"column":28},"end":{"line":288,"column":84}},"150":{"start":{"line":289,"column":19},"end":{"line":289,"column":56}},"151":{"start":{"line":290,"column":2},"end":{"line":292,"column":null}},"152":{"start":{"line":295,"column":35},"end":{"line":295,"column":51}},"153":{"start":{"line":296,"column":2},"end":{"line":301,"column":null}},"154":{"start":{"line":297,"column":4},"end":{"line":299,"column":null}},"155":{"start":{"line":300,"column":4},"end":{"line":300,"column":null}},"156":{"start":{"line":302,"column":20},"end":{"line":302,"column":105}},"157":{"start":{"line":302,"column":79},"end":{"line":302,"column":87}},"158":{"start":{"line":302,"column":103},"end":{"line":302,"column":104}},"159":{"start":{"line":303,"column":24},"end":{"line":306,"column":4}},"160":{"start":{"line":307,"column":28},"end":{"line":307,"column":84}},"161":{"start":{"line":308,"column":34},"end":{"line":308,"column":35}},"162":{"start":{"line":309,"column":2},"end":{"line":322,"column":null}},"163":{"start":{"line":310,"column":25},"end":{"line":310,"column":75}},"164":{"start":{"line":310,"column":51},"end":{"line":310,"column":74}},"165":{"start":{"line":311,"column":21},"end":{"line":311,"column":27}},"166":{"start":{"line":312,"column":4},"end":{"line":315,"column":null}},"167":{"start":{"line":313,"column":6},"end":{"line":313,"column":null}},"168":{"start":{"line":313,"column":49},"end":{"line":313,"column":64}},"169":{"start":{"line":314,"column":6},"end":{"line":314,"column":null}},"170":{"start":{"line":316,"column":31},"end":{"line":318,"column":6}},"171":{"start":{"line":319,"column":4},"end":{"line":321,"column":null}},"172":{"start":{"line":320,"column":6},"end":{"line":320,"column":null}},"173":{"start":{"line":323,"column":2},"end":{"line":323,"column":null}},"174":{"start":{"line":326,"column":17},"end":{"line":326,"column":27}},"175":{"start":{"line":327,"column":28},"end":{"line":327,"column":84}},"176":{"start":{"line":328,"column":2},"end":{"line":328,"column":null}},"177":{"start":{"line":329,"column":2},"end":{"line":329,"column":null}},"178":{"start":{"line":332,"column":20},"end":{"line":332,"column":36}},"179":{"start":{"line":333,"column":28},"end":{"line":333,"column":84}},"180":{"start":{"line":334,"column":23},"end":{"line":334,"column":57}},"181":{"start":{"line":335,"column":34},"end":{"line":335,"column":35}},"182":{"start":{"line":336,"column":23},"end":{"line":336,"column":48}},"183":{"start":{"line":336,"column":40},"end":{"line":336,"column":47}},"184":{"start":{"line":337,"column":30},"end":{"line":340,"column":4}},"185":{"start":{"line":341,"column":2},"end":{"line":345,"column":null}},"186":{"start":{"line":342,"column":4},"end":{"line":344,"column":null}},"187":{"start":{"line":342,"column":27},"end":{"line":342,"column":53}},"188":{"start":{"line":343,"column":6},"end":{"line":343,"column":null}},"189":{"start":{"line":346,"column":2},"end":{"line":362,"column":null}},"190":{"start":{"line":347,"column":31},"end":{"line":347,"column":86}},"191":{"start":{"line":347,"column":63},"end":{"line":347,"column":85}},"192":{"start":{"line":348,"column":21},"end":{"line":348,"column":31}},"193":{"start":{"line":349,"column":21},"end":{"line":349,"column":69}},"194":{"start":{"line":349,"column":46},"end":{"line":349,"column":68}},"195":{"start":{"line":350,"column":4},"end":{"line":353,"column":null}},"196":{"start":{"line":351,"column":6},"end":{"line":351,"column":null}},"197":{"start":{"line":351,"column":55},"end":{"line":351,"column":70}},"198":{"start":{"line":352,"column":6},"end":{"line":352,"column":null}},"199":{"start":{"line":354,"column":4},"end":{"line":361,"column":null}},"200":{"start":{"line":355,"column":6},"end":{"line":358,"column":null}},"201":{"start":{"line":360,"column":6},"end":{"line":360,"column":null}},"202":{"start":{"line":363,"column":2},"end":{"line":363,"column":null}},"203":{"start":{"line":365,"column":18},"end":{"line":372,"column":1}},"204":{"start":{"line":373,"column":20},"end":{"line":377,"column":1}},"205":{"start":{"line":378,"column":15},"end":{"line":488,"column":1}},"206":{"start":{"line":489,"column":17},"end":{"line":489,"column":19}},"207":{"start":{"line":491,"column":2},"end":{"line":630,"column":null}},"208":{"start":{"line":493,"column":26},"end":{"line":493,"column":56}},"209":{"start":{"line":494,"column":6},"end":{"line":499,"column":null}},"210":{"start":{"line":495,"column":23},"end":{"line":495,"column":82}},"211":{"start":{"line":496,"column":8},"end":{"line":498,"column":null}},"212":{"start":{"line":497,"column":10},"end":{"line":497,"column":null}},"213":{"start":{"line":500,"column":26},"end":{"line":506,"column":8}},"214":{"start":{"line":507,"column":6},"end":{"line":522,"column":null}},"215":{"start":{"line":525,"column":6},"end":{"line":527,"column":null}},"216":{"start":{"line":526,"column":8},"end":{"line":526,"column":null}},"217":{"start":{"line":528,"column":20},"end":{"line":528,"column":49}},"218":{"start":{"line":529,"column":29},"end":{"line":529,"column":51}},"219":{"start":{"line":530,"column":21},"end":{"line":530,"column":59}},"220":{"start":{"line":531,"column":21},"end":{"line":531,"column":56}},"221":{"start":{"line":532,"column":6},"end":{"line":532,"column":null}},"222":{"start":{"line":535,"column":6},"end":{"line":539,"column":null}},"223":{"start":{"line":536,"column":8},"end":{"line":536,"column":null}},"224":{"start":{"line":538,"column":8},"end":{"line":538,"column":null}},"225":{"start":{"line":543,"column":27},"end":{"line":543,"column":65}},"226":{"start":{"line":544,"column":23},"end":{"line":544,"column":57}},"227":{"start":{"line":545,"column":6},"end":{"line":547,"column":null}},"228":{"start":{"line":546,"column":8},"end":{"line":546,"column":null}},"229":{"start":{"line":548,"column":23},"end":{"line":548,"column":54}},"230":{"start":{"line":549,"column":30},"end":{"line":552,"column":14}},"231":{"start":{"line":551,"column":28},"end":{"line":551,"column":null}},"232":{"start":{"line":553,"column":6},"end":{"line":556,"column":null}},"233":{"start":{"line":559,"column":6},"end":{"line":559,"column":null}},"234":{"start":{"line":560,"column":23},"end":{"line":560,"column":57}},"235":{"start":{"line":561,"column":6},"end":{"line":564,"column":null}},"236":{"start":{"line":568,"column":22},"end":{"line":568,"column":70}},"237":{"start":{"line":569,"column":26},"end":{"line":569,"column":48}},"238":{"start":{"line":570,"column":27},"end":{"line":570,"column":40}},"239":{"start":{"line":571,"column":6},"end":{"line":592,"column":null}},"240":{"start":{"line":596,"column":6},"end":{"line":604,"column":null}},"241":{"start":{"line":607,"column":29},"end":{"line":607,"column":51}},"242":{"start":{"line":608,"column":6},"end":{"line":610,"column":null}},"243":{"start":{"line":609,"column":8},"end":{"line":609,"column":null}},"244":{"start":{"line":611,"column":21},"end":{"line":611,"column":36}},"245":{"start":{"line":612,"column":23},"end":{"line":612,"column":47}},"246":{"start":{"line":613,"column":22},"end":{"line":613,"column":70}},"247":{"start":{"line":614,"column":26},"end":{"line":614,"column":48}},"248":{"start":{"line":615,"column":25},"end":{"line":615,"column":38}},"249":{"start":{"line":616,"column":38},"end":{"line":620,"column":8}},"250":{"start":{"line":621,"column":28},"end":{"line":621,"column":30}},"251":{"start":{"line":622,"column":6},"end":{"line":622,"column":null}},"252":{"start":{"line":623,"column":27},"end":{"line":623,"column":90}},"253":{"start":{"line":624,"column":6},"end":{"line":626,"column":null}},"254":{"start":{"line":625,"column":8},"end":{"line":625,"column":null}},"255":{"start":{"line":627,"column":37},"end":{"line":627,"column":49}},"256":{"start":{"line":628,"column":6},"end":{"line":628,"column":null}},"257":{"start":{"line":633,"column":2},"end":{"line":674,"column":null}},"258":{"start":{"line":636,"column":6},"end":{"line":641,"column":null}},"259":{"start":{"line":644,"column":6},"end":{"line":648,"column":null}},"260":{"start":{"line":651,"column":6},"end":{"line":651,"column":null}},"261":{"start":{"line":654,"column":20},"end":{"line":654,"column":69}},"262":{"start":{"line":655,"column":6},"end":{"line":672,"column":null}},"263":{"start":{"line":657,"column":27},"end":{"line":657,"column":96}},"264":{"start":{"line":658,"column":10},"end":{"line":670,"column":null}},"265":{"start":{"line":659,"column":12},"end":{"line":662,"column":null}},"266":{"start":{"line":664,"column":12},"end":{"line":669,"column":null}},"267":{"start":{"line":677,"column":2},"end":{"line":728,"column":null}},"268":{"start":{"line":679,"column":26},"end":{"line":679,"column":87}},"269":{"start":{"line":680,"column":21},"end":{"line":680,"column":63}},"270":{"start":{"line":681,"column":6},"end":{"line":684,"column":null}},"271":{"start":{"line":682,"column":8},"end":{"line":682,"column":null}},"272":{"start":{"line":683,"column":8},"end":{"line":683,"column":null}},"273":{"start":{"line":685,"column":6},"end":{"line":685,"column":null}},"274":{"start":{"line":688,"column":26},"end":{"line":688,"column":87}},"275":{"start":{"line":689,"column":6},"end":{"line":689,"column":null}},"276":{"start":{"line":692,"column":20},"end":{"line":692,"column":74}},"277":{"start":{"line":693,"column":6},"end":{"line":693,"column":null}},"278":{"start":{"line":696,"column":20},"end":{"line":696,"column":74}},"279":{"start":{"line":697,"column":6},"end":{"line":702,"column":null}},"280":{"start":{"line":705,"column":20},"end":{"line":705,"column":74}},"281":{"start":{"line":706,"column":6},"end":{"line":710,"column":null}},"282":{"start":{"line":713,"column":23},"end":{"line":713,"column":47}},"283":{"start":{"line":714,"column":6},"end":{"line":716,"column":null}},"284":{"start":{"line":715,"column":8},"end":{"line":715,"column":null}},"285":{"start":{"line":717,"column":20},"end":{"line":717,"column":74}},"286":{"start":{"line":718,"column":21},"end":{"line":722,"column":8}},"287":{"start":{"line":723,"column":6},"end":{"line":725,"column":null}},"288":{"start":{"line":724,"column":8},"end":{"line":724,"column":null}},"289":{"start":{"line":726,"column":6},"end":{"line":726,"column":null}},"290":{"start":{"line":730,"column":17},"end":{"line":734,"column":1}},"291":{"start":{"line":735,"column":14},"end":{"line":745,"column":1}},"292":{"start":{"line":746,"column":0},"end":{"line":746,"column":null}}},"fnMap":{"0":{"name":"(anonymous_0)","decl":{"start":{"line":8,"column":24},"end":{"line":8,"column":25}},"loc":{"start":{"line":8,"column":31},"end":{"line":8,"column":69}},"line":8},"1":{"name":"register$1","decl":{"start":{"line":13,"column":9},"end":{"line":13,"column":19}},"loc":{"start":{"line":13,"column":22},"end":{"line":14,"column":null}},"line":13},"2":{"name":"bootstrap","decl":{"start":{"line":15,"column":15},"end":{"line":15,"column":24}},"loc":{"start":{"line":15,"column":46},"end":{"line":72,"column":null}},"line":15},"3":{"name":"(anonymous_3)","decl":{"start":{"line":53,"column":10},"end":{"line":53,"column":21}},"loc":{"start":{"line":53,"column":29},"end":{"line":70,"column":null}},"line":53},"4":{"name":"(anonymous_4)","decl":{"start":{"line":64,"column":48},"end":{"line":64,"column":49}},"loc":{"start":{"line":64,"column":55},"end":{"line":64,"column":70}},"line":64},"5":{"name":"destroy","decl":{"start":{"line":73,"column":9},"end":{"line":73,"column":16}},"loc":{"start":{"line":73,"column":19},"end":{"line":74,"column":null}},"line":73},"6":{"name":"(anonymous_6)","decl":{"start":{"line":91,"column":2},"end":{"line":91,"column":11}},"loc":{"start":{"line":91,"column":14},"end":{"line":92,"column":null}},"line":91},"7":{"name":"configValidation","decl":{"start":{"line":124,"column":9},"end":{"line":124,"column":25}},"loc":{"start":{"line":124,"column":28},"end":{"line":130,"column":null}},"line":124},"8":{"name":"oidcSignIn","decl":{"start":{"line":131,"column":15},"end":{"line":131,"column":25}},"loc":{"start":{"line":131,"column":31},"end":{"line":151,"column":null}},"line":131},"9":{"name":"oidcSignInCallback","decl":{"start":{"line":152,"column":15},"end":{"line":152,"column":33}},"loc":{"start":{"line":152,"column":39},"end":{"line":227,"column":null}},"line":152},"10":{"name":"logout","decl":{"start":{"line":228,"column":15},"end":{"line":228,"column":21}},"loc":{"start":{"line":228,"column":27},"end":{"line":237,"column":null}},"line":228},"11":{"name":"find","decl":{"start":{"line":243,"column":15},"end":{"line":243,"column":19}},"loc":{"start":{"line":243,"column":25},"end":{"line":255,"column":null}},"line":243},"12":{"name":"update","decl":{"start":{"line":256,"column":15},"end":{"line":256,"column":21}},"loc":{"start":{"line":256,"column":27},"end":{"line":266,"column":null}},"line":256},"13":{"name":"info","decl":{"start":{"line":271,"column":15},"end":{"line":271,"column":19}},"loc":{"start":{"line":271,"column":25},"end":{"line":280,"column":null}},"line":271},"14":{"name":"updateSettings","decl":{"start":{"line":281,"column":15},"end":{"line":281,"column":29}},"loc":{"start":{"line":281,"column":35},"end":{"line":286,"column":null}},"line":281},"15":{"name":"publicSettings","decl":{"start":{"line":287,"column":15},"end":{"line":287,"column":29}},"loc":{"start":{"line":287,"column":35},"end":{"line":293,"column":null}},"line":287},"16":{"name":"register","decl":{"start":{"line":294,"column":15},"end":{"line":294,"column":23}},"loc":{"start":{"line":294,"column":29},"end":{"line":324,"column":null}},"line":294},"17":{"name":"(anonymous_17)","decl":{"start":{"line":302,"column":72},"end":{"line":302,"column":73}},"loc":{"start":{"line":302,"column":79},"end":{"line":302,"column":87}},"line":302},"18":{"name":"(anonymous_18)","decl":{"start":{"line":302,"column":96},"end":{"line":302,"column":97}},"loc":{"start":{"line":302,"column":103},"end":{"line":302,"column":104}},"line":302},"19":{"name":"(anonymous_19)","decl":{"start":{"line":310,"column":44},"end":{"line":310,"column":45}},"loc":{"start":{"line":310,"column":51},"end":{"line":310,"column":74}},"line":310},"20":{"name":"(anonymous_20)","decl":{"start":{"line":313,"column":42},"end":{"line":313,"column":43}},"loc":{"start":{"line":313,"column":49},"end":{"line":313,"column":64}},"line":313},"21":{"name":"removeEmail","decl":{"start":{"line":325,"column":15},"end":{"line":325,"column":26}},"loc":{"start":{"line":325,"column":32},"end":{"line":330,"column":null}},"line":325},"22":{"name":"syncUsers","decl":{"start":{"line":331,"column":15},"end":{"line":331,"column":24}},"loc":{"start":{"line":331,"column":30},"end":{"line":364,"column":null}},"line":331},"23":{"name":"(anonymous_23)","decl":{"start":{"line":336,"column":33},"end":{"line":336,"column":34}},"loc":{"start":{"line":336,"column":40},"end":{"line":336,"column":47}},"line":336},"24":{"name":"(anonymous_24)","decl":{"start":{"line":342,"column":20},"end":{"line":342,"column":21}},"loc":{"start":{"line":342,"column":27},"end":{"line":342,"column":53}},"line":342},"25":{"name":"(anonymous_25)","decl":{"start":{"line":347,"column":56},"end":{"line":347,"column":57}},"loc":{"start":{"line":347,"column":63},"end":{"line":347,"column":85}},"line":347},"26":{"name":"(anonymous_26)","decl":{"start":{"line":349,"column":39},"end":{"line":349,"column":40}},"loc":{"start":{"line":349,"column":46},"end":{"line":349,"column":68}},"line":349},"27":{"name":"(anonymous_27)","decl":{"start":{"line":351,"column":48},"end":{"line":351,"column":49}},"loc":{"start":{"line":351,"column":55},"end":{"line":351,"column":70}},"line":351},"28":{"name":"oauthService","decl":{"start":{"line":490,"column":9},"end":{"line":490,"column":21}},"loc":{"start":{"line":490,"column":43},"end":{"line":631,"column":null}},"line":490},"29":{"name":"(anonymous_29)","decl":{"start":{"line":492,"column":10},"end":{"line":492,"column":20}},"loc":{"start":{"line":492,"column":70},"end":{"line":523,"column":5}},"line":492},"30":{"name":"(anonymous_30)","decl":{"start":{"line":524,"column":4},"end":{"line":524,"column":17}},"loc":{"start":{"line":524,"column":40},"end":{"line":533,"column":5}},"line":524},"31":{"name":"(anonymous_31)","decl":{"start":{"line":534,"column":4},"end":{"line":534,"column":22}},"loc":{"start":{"line":534,"column":32},"end":{"line":540,"column":5}},"line":534},"32":{"name":"(anonymous_32)","decl":{"start":{"line":541,"column":10},"end":{"line":541,"column":24}},"loc":{"start":{"line":541,"column":31},"end":{"line":557,"column":5}},"line":541},"33":{"name":"(anonymous_33)","decl":{"start":{"line":551,"column":18},"end":{"line":551,"column":19}},"loc":{"start":{"line":551,"column":28},"end":{"line":551,"column":null}},"line":551},"34":{"name":"(anonymous_34)","decl":{"start":{"line":558,"column":4},"end":{"line":558,"column":24}},"loc":{"start":{"line":558,"column":31},"end":{"line":565,"column":5}},"line":558},"35":{"name":"(anonymous_35)","decl":{"start":{"line":567,"column":4},"end":{"line":567,"column":23}},"loc":{"start":{"line":567,"column":47},"end":{"line":593,"column":5}},"line":567},"36":{"name":"(anonymous_36)","decl":{"start":{"line":595,"column":4},"end":{"line":595,"column":21}},"loc":{"start":{"line":595,"column":31},"end":{"line":605,"column":5}},"line":595},"37":{"name":"(anonymous_37)","decl":{"start":{"line":606,"column":10},"end":{"line":606,"column":23}},"loc":{"start":{"line":606,"column":35},"end":{"line":629,"column":null}},"line":606},"38":{"name":"roleService","decl":{"start":{"line":632,"column":9},"end":{"line":632,"column":20}},"loc":{"start":{"line":632,"column":42},"end":{"line":675,"column":null}},"line":632},"39":{"name":"(anonymous_39)","decl":{"start":{"line":635,"column":4},"end":{"line":635,"column":16}},"loc":{"start":{"line":635,"column":19},"end":{"line":642,"column":5}},"line":635},"40":{"name":"(anonymous_40)","decl":{"start":{"line":643,"column":10},"end":{"line":643,"column":19}},"loc":{"start":{"line":643,"column":22},"end":{"line":649,"column":5}},"line":643},"41":{"name":"(anonymous_41)","decl":{"start":{"line":650,"column":10},"end":{"line":650,"column":14}},"loc":{"start":{"line":650,"column":17},"end":{"line":652,"column":5}},"line":650},"42":{"name":"(anonymous_42)","decl":{"start":{"line":653,"column":10},"end":{"line":653,"column":16}},"loc":{"start":{"line":653,"column":25},"end":{"line":673,"column":null}},"line":653},"43":{"name":"(anonymous_43)","decl":{"start":{"line":656,"column":19},"end":{"line":656,"column":24}},"loc":{"start":{"line":656,"column":36},"end":{"line":671,"column":9}},"line":656},"44":{"name":"whitelistService","decl":{"start":{"line":676,"column":9},"end":{"line":676,"column":25}},"loc":{"start":{"line":676,"column":47},"end":{"line":729,"column":null}},"line":676},"45":{"name":"(anonymous_45)","decl":{"start":{"line":678,"column":10},"end":{"line":678,"column":21}},"loc":{"start":{"line":678,"column":24},"end":{"line":686,"column":5}},"line":678},"46":{"name":"(anonymous_46)","decl":{"start":{"line":687,"column":10},"end":{"line":687,"column":21}},"loc":{"start":{"line":687,"column":32},"end":{"line":690,"column":5}},"line":687},"47":{"name":"(anonymous_47)","decl":{"start":{"line":691,"column":10},"end":{"line":691,"column":18}},"loc":{"start":{"line":691,"column":21},"end":{"line":694,"column":5}},"line":691},"48":{"name":"(anonymous_48)","decl":{"start":{"line":695,"column":10},"end":{"line":695,"column":22}},"loc":{"start":{"line":695,"column":38},"end":{"line":703,"column":5}},"line":695},"49":{"name":"(anonymous_49)","decl":{"start":{"line":704,"column":10},"end":{"line":704,"column":20}},"loc":{"start":{"line":704,"column":25},"end":{"line":711,"column":5}},"line":704},"50":{"name":"(anonymous_50)","decl":{"start":{"line":712,"column":10},"end":{"line":712,"column":32}},"loc":{"start":{"line":712,"column":40},"end":{"line":727,"column":null}},"line":712}},"branchMap":{"0":{"loc":{"start":{"line":8,"column":31},"end":{"line":8,"column":69}},"type":"cond-expr","locations":[{"start":{"line":8,"column":51},"end":{"line":8,"column":52}},{"start":{"line":8,"column":55},"end":{"line":8,"column":69}}],"line":8},"1":{"loc":{"start":{"line":8,"column":31},"end":{"line":8,"column":48}},"type":"binary-expr","locations":[{"start":{"line":8,"column":31},"end":{"line":8,"column":32}},{"start":{"line":8,"column":36},"end":{"line":8,"column":48}}],"line":8},"2":{"loc":{"start":{"line":35,"column":4},"end":{"line":47,"column":null}},"type":"if","locations":[{"start":{"line":35,"column":4},"end":{"line":47,"column":null}},{"start":{},"end":{}}],"line":35},"3":{"loc":{"start":{"line":39,"column":6},"end":{"line":46,"column":null}},"type":"if","locations":[{"start":{"line":39,"column":6},"end":{"line":46,"column":null}},{"start":{},"end":{}}],"line":39},"4":{"loc":{"start":{"line":55,"column":6},"end":{"line":55,"column":null}},"type":"if","locations":[{"start":{"line":55,"column":6},"end":{"line":55,"column":null}},{"start":{},"end":{}}],"line":55},"5":{"loc":{"start":{"line":58,"column":6},"end":{"line":58,"column":null}},"type":"if","locations":[{"start":{"line":58,"column":6},"end":{"line":58,"column":null}},{"start":{},"end":{}}],"line":58},"6":{"loc":{"start":{"line":63,"column":6},"end":{"line":69,"column":null}},"type":"if","locations":[{"start":{"line":63,"column":6},"end":{"line":69,"column":null}},{"start":{},"end":{}}],"line":63},"7":{"loc":{"start":{"line":126,"column":2},"end":{"line":128,"column":null}},"type":"if","locations":[{"start":{"line":126,"column":2},"end":{"line":128,"column":null}},{"start":{},"end":{}}],"line":126},"8":{"loc":{"start":{"line":126,"column":6},"end":{"line":126,"column":339}},"type":"binary-expr","locations":[{"start":{"line":126,"column":6},"end":{"line":126,"column":31}},{"start":{"line":126,"column":35},"end":{"line":126,"column":64}},{"start":{"line":126,"column":68},"end":{"line":126,"column":96}},{"start":{"line":126,"column":100},"end":{"line":126,"column":122}},{"start":{"line":126,"column":126},"end":{"line":126,"column":156}},{"start":{"line":126,"column":160},"end":{"line":126,"column":194}},{"start":{"line":126,"column":198},"end":{"line":126,"column":224}},{"start":{"line":126,"column":228},"end":{"line":126,"column":261}},{"start":{"line":126,"column":265},"end":{"line":126,"column":297}},{"start":{"line":126,"column":301},"end":{"line":126,"column":339}}],"line":126},"9":{"loc":{"start":{"line":136,"column":2},"end":{"line":138,"column":null}},"type":"if","locations":[{"start":{"line":136,"column":2},"end":{"line":138,"column":null}},{"start":{},"end":{}}],"line":136},"10":{"loc":{"start":{"line":159,"column":2},"end":{"line":161,"column":null}},"type":"if","locations":[{"start":{"line":159,"column":2},"end":{"line":161,"column":null}},{"start":{},"end":{}}],"line":159},"11":{"loc":{"start":{"line":162,"column":2},"end":{"line":164,"column":null}},"type":"if","locations":[{"start":{"line":162,"column":2},"end":{"line":164,"column":null}},{"start":{},"end":{}}],"line":162},"12":{"loc":{"start":{"line":162,"column":6},"end":{"line":162,"column":67}},"type":"binary-expr","locations":[{"start":{"line":162,"column":6},"end":{"line":162,"column":22}},{"start":{"line":162,"column":26},"end":{"line":162,"column":67}}],"line":162},"13":{"loc":{"start":{"line":180,"column":4},"end":{"line":185,"column":null}},"type":"if","locations":[{"start":{"line":180,"column":4},"end":{"line":185,"column":null}},{"start":{},"end":{}}],"line":180},"14":{"loc":{"start":{"line":196,"column":4},"end":{"line":217,"column":null}},"type":"if","locations":[{"start":{"line":196,"column":4},"end":{"line":217,"column":null}},{"start":{"line":199,"column":11},"end":{"line":217,"column":null}}],"line":196},"15":{"loc":{"start":{"line":201,"column":6},"end":{"line":206,"column":null}},"type":"if","locations":[{"start":{"line":201,"column":6},"end":{"line":206,"column":null}},{"start":{"line":203,"column":13},"end":{"line":206,"column":null}}],"line":201},"16":{"loc":{"start":{"line":201,"column":10},"end":{"line":201,"column":80}},"type":"binary-expr","locations":[{"start":{"line":201,"column":10},"end":{"line":201,"column":23}},{"start":{"line":201,"column":27},"end":{"line":201,"column":46}},{"start":{"line":201,"column":50},"end":{"line":201,"column":80}}],"line":201},"17":{"loc":{"start":{"line":205,"column":17},"end":{"line":205,"column":74}},"type":"cond-expr","locations":[{"start":{"line":205,"column":51},"end":{"line":205,"column":69}},{"start":{"line":205,"column":72},"end":{"line":205,"column":74}}],"line":205},"18":{"loc":{"start":{"line":205,"column":17},"end":{"line":205,"column":48}},"type":"binary-expr","locations":[{"start":{"line":205,"column":17},"end":{"line":205,"column":26}},{"start":{"line":205,"column":30},"end":{"line":205,"column":48}}],"line":205},"19":{"loc":{"start":{"line":231,"column":2},"end":{"line":236,"column":null}},"type":"if","locations":[{"start":{"line":231,"column":2},"end":{"line":236,"column":null}},{"start":{"line":233,"column":9},"end":{"line":236,"column":null}}],"line":231},"20":{"loc":{"start":{"line":249,"column":6},"end":{"line":251,"column":null}},"type":"if","locations":[{"start":{"line":249,"column":6},"end":{"line":251,"column":null}},{"start":{},"end":{}}],"line":249},"21":{"loc":{"start":{"line":277,"column":17},"end":{"line":277,"column":46}},"type":"binary-expr","locations":[{"start":{"line":277,"column":17},"end":{"line":277,"column":37}},{"start":{"line":277,"column":41},"end":{"line":277,"column":46}}],"line":277},"22":{"loc":{"start":{"line":291,"column":17},"end":{"line":291,"column":null}},"type":"binary-expr","locations":[{"start":{"line":291,"column":17},"end":{"line":291,"column":37}},{"start":{"line":291,"column":41},"end":{"line":291,"column":null}}],"line":291},"23":{"loc":{"start":{"line":296,"column":2},"end":{"line":301,"column":null}},"type":"if","locations":[{"start":{"line":296,"column":2},"end":{"line":301,"column":null}},{"start":{},"end":{}}],"line":296},"24":{"loc":{"start":{"line":302,"column":20},"end":{"line":302,"column":105}},"type":"cond-expr","locations":[{"start":{"line":302,"column":43},"end":{"line":302,"column":48}},{"start":{"line":302,"column":51},"end":{"line":302,"column":105}}],"line":302},"25":{"loc":{"start":{"line":312,"column":4},"end":{"line":315,"column":null}},"type":"if","locations":[{"start":{"line":312,"column":4},"end":{"line":315,"column":null}},{"start":{},"end":{}}],"line":312},"26":{"loc":{"start":{"line":312,"column":8},"end":{"line":312,"column":42}},"type":"binary-expr","locations":[{"start":{"line":312,"column":8},"end":{"line":312,"column":20}},{"start":{"line":312,"column":24},"end":{"line":312,"column":42}}],"line":312},"27":{"loc":{"start":{"line":319,"column":4},"end":{"line":321,"column":null}},"type":"if","locations":[{"start":{"line":319,"column":4},"end":{"line":321,"column":null}},{"start":{},"end":{}}],"line":319},"28":{"loc":{"start":{"line":342,"column":4},"end":{"line":344,"column":null}},"type":"if","locations":[{"start":{"line":342,"column":4},"end":{"line":344,"column":null}},{"start":{},"end":{}}],"line":342},"29":{"loc":{"start":{"line":350,"column":4},"end":{"line":353,"column":null}},"type":"if","locations":[{"start":{"line":350,"column":4},"end":{"line":353,"column":null}},{"start":{},"end":{}}],"line":350},"30":{"loc":{"start":{"line":350,"column":8},"end":{"line":350,"column":67}},"type":"binary-expr","locations":[{"start":{"line":350,"column":8},"end":{"line":350,"column":17}},{"start":{"line":350,"column":21},"end":{"line":350,"column":39}},{"start":{"line":350,"column":43},"end":{"line":350,"column":67}}],"line":350},"31":{"loc":{"start":{"line":354,"column":4},"end":{"line":361,"column":null}},"type":"if","locations":[{"start":{"line":354,"column":4},"end":{"line":361,"column":null}},{"start":{"line":359,"column":11},"end":{"line":361,"column":null}}],"line":354},"32":{"loc":{"start":{"line":492,"column":57},"end":{"line":492,"column":68}},"type":"default-arg","locations":[{"start":{"line":492,"column":66},"end":{"line":492,"column":68}}],"line":492},"33":{"loc":{"start":{"line":494,"column":6},"end":{"line":499,"column":null}},"type":"if","locations":[{"start":{"line":494,"column":6},"end":{"line":499,"column":null}},{"start":{},"end":{}}],"line":494},"34":{"loc":{"start":{"line":496,"column":8},"end":{"line":498,"column":null}},"type":"if","locations":[{"start":{"line":496,"column":8},"end":{"line":498,"column":null}},{"start":{},"end":{}}],"line":496},"35":{"loc":{"start":{"line":501,"column":19},"end":{"line":501,"column":50}},"type":"cond-expr","locations":[{"start":{"line":501,"column":31},"end":{"line":501,"column":40}},{"start":{"line":501,"column":43},"end":{"line":501,"column":50}}],"line":501},"36":{"loc":{"start":{"line":502,"column":18},"end":{"line":502,"column":42}},"type":"cond-expr","locations":[{"start":{"line":502,"column":29},"end":{"line":502,"column":37}},{"start":{"line":502,"column":40},"end":{"line":502,"column":42}}],"line":502},"37":{"loc":{"start":{"line":510,"column":21},"end":{"line":510,"column":52}},"type":"cond-expr","locations":[{"start":{"line":510,"column":33},"end":{"line":510,"column":42}},{"start":{"line":510,"column":45},"end":{"line":510,"column":52}}],"line":510},"38":{"loc":{"start":{"line":511,"column":20},"end":{"line":511,"column":48}},"type":"cond-expr","locations":[{"start":{"line":511,"column":31},"end":{"line":511,"column":39}},{"start":{"line":511,"column":42},"end":{"line":511,"column":48}}],"line":511},"39":{"loc":{"start":{"line":525,"column":6},"end":{"line":527,"column":null}},"type":"if","locations":[{"start":{"line":525,"column":6},"end":{"line":527,"column":null}},{"start":{},"end":{}}],"line":525},"40":{"loc":{"start":{"line":535,"column":6},"end":{"line":539,"column":null}},"type":"if","locations":[{"start":{"line":535,"column":6},"end":{"line":539,"column":null}},{"start":{"line":537,"column":13},"end":{"line":539,"column":null}}],"line":535},"41":{"loc":{"start":{"line":535,"column":10},"end":{"line":535,"column":81}},"type":"binary-expr","locations":[{"start":{"line":535,"column":10},"end":{"line":535,"column":36}},{"start":{"line":535,"column":40},"end":{"line":535,"column":81}}],"line":535},"42":{"loc":{"start":{"line":545,"column":6},"end":{"line":547,"column":null}},"type":"if","locations":[{"start":{"line":545,"column":6},"end":{"line":547,"column":null}},{"start":{},"end":{}}],"line":545},"43":{"loc":{"start":{"line":608,"column":6},"end":{"line":610,"column":null}},"type":"if","locations":[{"start":{"line":608,"column":6},"end":{"line":610,"column":null}},{"start":{},"end":{}}],"line":608},"44":{"loc":{"start":{"line":619,"column":14},"end":{"line":619,"column":null}},"type":"cond-expr","locations":[{"start":{"line":619,"column":27},"end":{"line":619,"column":36}},{"start":{"line":619,"column":39},"end":{"line":619,"column":null}}],"line":619},"45":{"loc":{"start":{"line":624,"column":6},"end":{"line":626,"column":null}},"type":"if","locations":[{"start":{"line":624,"column":6},"end":{"line":626,"column":null}},{"start":{},"end":{}}],"line":624},"46":{"loc":{"start":{"line":658,"column":10},"end":{"line":670,"column":null}},"type":"if","locations":[{"start":{"line":658,"column":10},"end":{"line":670,"column":null}},{"start":{"line":663,"column":17},"end":{"line":670,"column":null}}],"line":658},"47":{"loc":{"start":{"line":681,"column":6},"end":{"line":684,"column":null}},"type":"if","locations":[{"start":{"line":681,"column":6},"end":{"line":684,"column":null}},{"start":{},"end":{}}],"line":681},"48":{"loc":{"start":{"line":714,"column":6},"end":{"line":716,"column":null}},"type":"if","locations":[{"start":{"line":714,"column":6},"end":{"line":716,"column":null}},{"start":{},"end":{}}],"line":714},"49":{"loc":{"start":{"line":723,"column":6},"end":{"line":725,"column":null}},"type":"if","locations":[{"start":{"line":723,"column":6},"end":{"line":725,"column":null}},{"start":{},"end":{}}],"line":723}},"s":{"0":3,"1":3,"2":3,"3":3,"4":3,"5":3,"6":3,"7":12,"8":3,"9":3,"10":3,"11":3,"12":3,"13":3,"14":3,"15":3,"16":3,"17":0,"18":0,"19":0,"20":0,"21":3,"22":1,"23":1,"24":0,"25":1,"26":1,"27":1,"28":1,"29":0,"30":0,"31":0,"32":0,"33":0,"34":3,"35":3,"36":3,"37":3,"38":3,"39":3,"40":3,"41":3,"42":3,"43":3,"44":3,"45":3,"46":3,"47":3,"48":4,"49":4,"50":4,"51":0,"52":2,"53":2,"54":2,"55":2,"56":2,"57":2,"58":2,"59":2,"60":2,"61":2,"62":2,"63":2,"64":2,"65":2,"66":2,"67":2,"68":2,"69":2,"70":2,"71":2,"72":2,"73":2,"74":2,"75":2,"76":2,"77":0,"78":2,"79":0,"80":2,"81":2,"82":2,"83":2,"84":2,"85":2,"86":2,"87":2,"88":2,"89":2,"90":2,"91":2,"92":0,"93":0,"94":2,"95":2,"96":2,"97":2,"98":1,"99":1,"100":0,"101":0,"102":1,"103":1,"104":0,"105":1,"106":1,"107":1,"108":1,"109":1,"110":1,"111":1,"112":1,"113":1,"114":1,"115":1,"116":1,"117":1,"118":2,"119":2,"120":2,"121":1,"122":1,"123":1,"124":3,"125":2,"126":2,"127":2,"128":2,"129":2,"130":2,"131":2,"132":2,"133":1,"134":1,"135":1,"136":1,"137":1,"138":0,"139":0,"140":3,"141":4,"142":4,"143":4,"144":4,"145":1,"146":1,"147":1,"148":1,"149":3,"150":3,"151":3,"152":1,"153":1,"154":0,"155":0,"156":1,"157":1,"158":1,"159":1,"160":1,"161":1,"162":1,"163":1,"164":0,"165":1,"166":1,"167":0,"168":0,"169":0,"170":1,"171":1,"172":1,"173":1,"174":1,"175":1,"176":1,"177":1,"178":1,"179":1,"180":1,"181":1,"182":1,"183":2,"184":1,"185":1,"186":1,"187":2,"188":1,"189":1,"190":2,"191":0,"192":2,"193":2,"194":2,"195":2,"196":0,"197":0,"198":0,"199":0,"200":0,"201":2,"202":1,"203":3,"204":3,"205":3,"206":2,"207":1,"208":1,"209":1,"210":0,"211":0,"212":0,"213":1,"214":1,"215":0,"216":0,"217":1,"218":1,"219":1,"220":1,"221":1,"222":3,"223":1,"224":2,"225":1,"226":1,"227":1,"228":1,"229":1,"230":1,"231":0,"232":1,"233":1,"234":1,"235":1,"236":1,"237":1,"238":1,"239":1,"240":1,"241":1,"242":1,"243":0,"244":1,"245":1,"246":1,"247":1,"248":1,"249":1,"250":1,"251":1,"252":1,"253":1,"254":0,"255":1,"256":1,"257":3,"258":3,"259":1,"260":3,"261":1,"262":1,"263":1,"264":1,"265":1,"266":0,"267":13,"268":13,"269":13,"270":0,"271":0,"272":0,"273":13,"274":4,"275":4,"276":5,"277":5,"278":5,"279":5,"280":2,"281":2,"282":5,"283":5,"284":3,"285":3,"286":3,"287":2,"288":2,"289":3,"290":3,"291":3,"292":3},"f":{"0":12,"1":3,"2":3,"3":1,"4":0,"5":0,"6":3,"7":4,"8":2,"9":2,"10":2,"11":2,"12":1,"13":4,"14":1,"15":3,"16":1,"17":1,"18":1,"19":0,"20":0,"21":1,"22":1,"23":2,"24":2,"25":0,"26":2,"27":0,"28":2,"29":1,"30":1,"31":3,"32":1,"33":0,"34":1,"35":1,"36":1,"37":1,"38":3,"39":3,"40":1,"41":3,"42":1,"43":1,"44":3,"45":13,"46":4,"47":5,"48":5,"49":2,"50":5},"b":{"0":[3,9],"1":[12,12],"2":[0,3],"3":[0,0],"4":[0,1],"5":[1,0],"6":[0,0],"7":[4,0],"8":[4,4,4,4,4,4,4,4,4,4],"9":[2,0],"10":[0,2],"11":[0,2],"12":[2,2],"13":[0,2],"14":[0,1],"15":[0,1],"16":[1,0,0],"17":[1,1],"18":[1,1],"19":[1,1],"20":[2,0],"21":[4,4],"22":[3,3],"23":[0,1],"24":[1,1],"25":[0,1],"26":[1,0],"27":[1,0],"28":[1,0],"29":[0,2],"30":[2,2,0],"31":[0,2],"32":[1],"33":[0,1],"34":[0,0],"35":[0,1],"36":[1,1],"37":[0,1],"38":[0,1],"39":[0,0],"40":[1,2],"41":[3,1],"42":[1,0],"43":[0,1],"44":[1,1],"45":[0,1],"46":[1,0],"47":[0,0],"48":[2,3],"49":[2,0]},"meta":{"lastBranch":50,"lastFunction":51,"lastStatement":293,"seen":{"s:2:0:2:Infinity":0,"s:3:14:3:30":1,"s:4:20:4:42":2,"s:5:22:5:47":3,"s:6:20:6:44":4,"s:7:18:7:46":5,"s:8:24:8:69":6,"f:8:24:8:25":0,"s:8:31:8:69":7,"b:8:51:8:52:8:55:8:69":0,"b:8:31:8:32:8:36:8:48":1,"s:9:39:9:61":8,"s:10:47:10:77":9,"s:11:45:11:73":10,"s:12:43:12:69":11,"f:13:9:13:19":1,"f:15:15:15:24":2,"s:16:18:29:3":12,"s:30:2:30:Infinity":13,"s:31:2:50:Infinity":14,"s:32:26:34:6":15,"b:35:4:47:Infinity:undefined:undefined:undefined:undefined":2,"s:35:4:47:Infinity":16,"s:36:25:38:8":17,"b:39:6:46:Infinity:undefined:undefined:undefined:undefined":3,"s:39:6:46:Infinity":18,"s:40:8:45:Infinity":19,"s:49:4:49:Infinity":20,"s:51:2:71:Infinity":21,"f:53:10:53:21":3,"s:54:25:54:30":22,"b:55:6:55:Infinity:undefined:undefined:undefined:undefined":4,"s:55:6:55:Infinity":23,"s:55:26:55:Infinity":24,"s:56:20:56:74":25,"s:57:29:57:84":26,"b:58:6:58:Infinity:undefined:undefined:undefined:undefined":5,"s:58:6:58:Infinity":27,"s:58:27:58:Infinity":28,"s:59:28:62:8":29,"b:63:6:69:Infinity:undefined:undefined:undefined:undefined":6,"s:63:6:69:Infinity":30,"s:64:24:64:71":31,"f:64:48:64:49":4,"s:64:55:64:70":32,"s:65:8:68:Infinity":33,"f:73:9:73:16":5,"s:75:15:93:1":34,"f:91:2:91:11":6,"s:94:15:94:149":35,"s:95:18:95:46":36,"s:96:24:96:113":37,"s:97:21:97:152":38,"s:98:17:103:1":39,"s:104:14:106:1":40,"s:107:15:107:154":41,"s:108:16:108:44":42,"s:109:22:109:111":43,"s:110:19:110:161":44,"s:111:15:116:1":45,"s:117:19:119:1":46,"s:120:21:123:1":47,"f:124:9:124:25":7,"s:125:18:125:65":48,"b:126:2:128:Infinity:undefined:undefined:undefined:undefined":7,"s:126:2:128:Infinity":49,"b:126:6:126:31:126:35:126:64:126:68:126:96:126:100:126:122:126:126:126:156:126:160:126:194:126:198:126:224:126:228:126:261:126:265:126:297:126:301:126:339":8,"s:127:4:127:Infinity":50,"s:129:2:129:Infinity":51,"f:131:15:131:25":8,"s:132:18:132:27":52,"s:133:90:133:108":53,"s:134:73:134:111":54,"s:135:2:135:Infinity":55,"b:136:2:138:Infinity:undefined:undefined:undefined:undefined":9,"s:136:2:138:Infinity":56,"s:137:4:137:Infinity":57,"s:139:2:139:Infinity":58,"s:140:17:140:38":59,"s:141:2:141:Infinity":60,"s:142:2:142:Infinity":61,"s:143:2:143:Infinity":62,"s:144:2:144:Infinity":63,"s:145:2:145:Infinity":64,"s:146:2:146:Infinity":65,"s:147:2:147:Infinity":66,"s:148:27:148:80":67,"s:149:2:149:Infinity":68,"s:150:2:150:Infinity":69,"f:152:15:152:33":9,"s:153:18:153:36":70,"s:154:21:154:52":71,"s:155:22:155:51":72,"s:156:24:156:76":73,"s:157:23:157:74":74,"s:158:28:158:84":75,"b:159:2:161:Infinity:undefined:undefined:undefined:undefined":10,"s:159:2:161:Infinity":76,"s:160:4:160:Infinity":77,"b:162:2:164:Infinity:undefined:undefined:undefined:undefined":11,"s:162:2:164:Infinity":78,"b:162:6:162:22:162:26:162:67":12,"s:163:4:163:Infinity":79,"s:165:17:165:38":80,"s:166:2:166:Infinity":81,"s:167:2:167:Infinity":82,"s:168:2:168:Infinity":83,"s:169:2:169:Infinity":84,"s:170:2:170:Infinity":85,"s:171:2:171:Infinity":86,"s:172:2:226:Infinity":87,"s:173:21:177:6":88,"s:178:34:178:36":89,"s:179:37:179:82":90,"b:180:4:185:Infinity:undefined:undefined:undefined:undefined":13,"s:180:4:185:Infinity":91,"s:181:6:183:Infinity":92,"s:184:6:184:Infinity":93,"s:186:29:186:97":94,"s:187:25:190:5":95,"s:191:18:191:41":96,"s:192:26:192:79":97,"s:193:19:193:58":98,"b:196:4:217:Infinity:199:11:217:Infinity":14,"s:196:4:217:Infinity":99,"s:197:6:197:Infinity":100,"s:198:6:198:Infinity":101,"s:200:19:200:21":102,"b:201:6:206:Infinity:203:13:206:Infinity":15,"s:201:6:206:Infinity":103,"b:201:10:201:23:201:27:201:46:201:50:201:80":16,"s:202:8:202:Infinity":104,"s:204:26:204:56":105,"s:205:8:205:Infinity":106,"b:205:51:205:69:205:72:205:74":17,"b:205:17:205:26:205:30:205:48":18,"s:207:28:207:81":107,"s:208:6:214:Infinity":108,"s:215:6:215:Infinity":109,"s:216:6:216:Infinity":110,"s:218:4:218:Infinity":111,"s:219:18:219:42":112,"s:220:17:220:81":113,"s:221:4:221:Infinity":114,"s:222:4:222:Infinity":115,"s:224:4:224:Infinity":116,"s:225:4:225:Infinity":117,"f:228:15:228:21":10,"s:229:18:229:65":118,"s:230:20:230:46":119,"b:231:2:236:Infinity:233:9:236:Infinity":19,"s:231:2:236:Infinity":120,"s:232:4:232:Infinity":121,"s:234:26:234:66":122,"s:235:4:235:Infinity":123,"s:238:13:242:1":124,"f:243:15:243:19":11,"s:244:23:244:74":125,"s:245:17:245:42":126,"s:246:24:246:51":127,"s:247:2:253:Infinity":128,"s:248:4:252:Infinity":129,"b:249:6:251:Infinity:undefined:undefined:undefined:undefined":20,"s:249:6:251:Infinity":130,"s:250:8:250:Infinity":131,"s:254:2:254:Infinity":132,"f:256:15:256:21":12,"s:257:2:265:Infinity":133,"s:258:30:258:46":134,"s:259:25:259:76":135,"s:260:4:260:Infinity":136,"s:261:4:261:Infinity":137,"s:263:4:263:Infinity":138,"s:264:4:264:Infinity":139,"s:267:13:270:1":140,"f:271:15:271:19":13,"s:272:28:272:84":141,"s:273:19:273:56":142,"s:274:25:274:59":143,"s:275:2:279:Infinity":144,"b:277:17:277:37:277:41:277:46":21,"f:281:15:281:29":14,"s:282:40:282:56":145,"s:283:28:283:84":146,"s:284:2:284:Infinity":147,"s:285:2:285:Infinity":148,"f:287:15:287:29":15,"s:288:28:288:84":149,"s:289:19:289:56":150,"s:290:2:292:Infinity":151,"b:291:17:291:37:291:41:291:Infinity":22,"f:294:15:294:23":16,"s:295:35:295:51":152,"b:296:2:301:Infinity:undefined:undefined:undefined:undefined":23,"s:296:2:301:Infinity":153,"s:297:4:299:Infinity":154,"s:300:4:300:Infinity":155,"s:302:20:302:105":156,"b:302:43:302:48:302:51:302:105":24,"f:302:72:302:73":17,"s:302:79:302:87":157,"f:302:96:302:97":18,"s:302:103:302:104":158,"s:303:24:306:4":159,"s:307:28:307:84":160,"s:308:34:308:35":161,"s:309:2:322:Infinity":162,"s:310:25:310:75":163,"f:310:44:310:45":19,"s:310:51:310:74":164,"s:311:21:311:27":165,"b:312:4:315:Infinity:undefined:undefined:undefined:undefined":25,"s:312:4:315:Infinity":166,"b:312:8:312:20:312:24:312:42":26,"s:313:6:313:Infinity":167,"f:313:42:313:43":20,"s:313:49:313:64":168,"s:314:6:314:Infinity":169,"s:316:31:318:6":170,"b:319:4:321:Infinity:undefined:undefined:undefined:undefined":27,"s:319:4:321:Infinity":171,"s:320:6:320:Infinity":172,"s:323:2:323:Infinity":173,"f:325:15:325:26":21,"s:326:17:326:27":174,"s:327:28:327:84":175,"s:328:2:328:Infinity":176,"s:329:2:329:Infinity":177,"f:331:15:331:24":22,"s:332:20:332:36":178,"s:333:28:333:84":179,"s:334:23:334:57":180,"s:335:34:335:35":181,"s:336:23:336:48":182,"f:336:33:336:34":23,"s:336:40:336:47":183,"s:337:30:340:4":184,"s:341:2:345:Infinity":185,"b:342:4:344:Infinity:undefined:undefined:undefined:undefined":28,"s:342:4:344:Infinity":186,"f:342:20:342:21":24,"s:342:27:342:53":187,"s:343:6:343:Infinity":188,"s:346:2:362:Infinity":189,"s:347:31:347:86":190,"f:347:56:347:57":25,"s:347:63:347:85":191,"s:348:21:348:31":192,"s:349:21:349:69":193,"f:349:39:349:40":26,"s:349:46:349:68":194,"b:350:4:353:Infinity:undefined:undefined:undefined:undefined":29,"s:350:4:353:Infinity":195,"b:350:8:350:17:350:21:350:39:350:43:350:67":30,"s:351:6:351:Infinity":196,"f:351:48:351:49":27,"s:351:55:351:70":197,"s:352:6:352:Infinity":198,"b:354:4:361:Infinity:359:11:361:Infinity":31,"s:354:4:361:Infinity":199,"s:355:6:358:Infinity":200,"s:360:6:360:Infinity":201,"s:363:2:363:Infinity":202,"s:365:18:372:1":203,"s:373:20:377:1":204,"s:378:15:488:1":205,"s:489:17:489:19":206,"f:490:9:490:21":28,"s:491:2:630:Infinity":207,"f:492:10:492:20":29,"b:492:66:492:68":32,"s:493:26:493:56":208,"b:494:6:499:Infinity:undefined:undefined:undefined:undefined":33,"s:494:6:499:Infinity":209,"s:495:23:495:82":210,"b:496:8:498:Infinity:undefined:undefined:undefined:undefined":34,"s:496:8:498:Infinity":211,"s:497:10:497:Infinity":212,"s:500:26:506:8":213,"b:501:31:501:40:501:43:501:50":35,"b:502:29:502:37:502:40:502:42":36,"s:507:6:522:Infinity":214,"b:510:33:510:42:510:45:510:52":37,"b:511:31:511:39:511:42:511:48":38,"f:524:4:524:17":30,"b:525:6:527:Infinity:undefined:undefined:undefined:undefined":39,"s:525:6:527:Infinity":215,"s:526:8:526:Infinity":216,"s:528:20:528:49":217,"s:529:29:529:51":218,"s:530:21:530:59":219,"s:531:21:531:56":220,"s:532:6:532:Infinity":221,"f:534:4:534:22":31,"b:535:6:539:Infinity:537:13:539:Infinity":40,"s:535:6:539:Infinity":222,"b:535:10:535:36:535:40:535:81":41,"s:536:8:536:Infinity":223,"s:538:8:538:Infinity":224,"f:541:10:541:24":32,"s:543:27:543:65":225,"s:544:23:544:57":226,"b:545:6:547:Infinity:undefined:undefined:undefined:undefined":42,"s:545:6:547:Infinity":227,"s:546:8:546:Infinity":228,"s:548:23:548:54":229,"s:549:30:552:14":230,"f:551:18:551:19":33,"s:551:28:551:Infinity":231,"s:553:6:556:Infinity":232,"f:558:4:558:24":34,"s:559:6:559:Infinity":233,"s:560:23:560:57":234,"s:561:6:564:Infinity":235,"f:567:4:567:23":35,"s:568:22:568:70":236,"s:569:26:569:48":237,"s:570:27:570:40":238,"s:571:6:592:Infinity":239,"f:595:4:595:21":36,"s:596:6:604:Infinity":240,"f:606:10:606:23":37,"s:607:29:607:51":241,"b:608:6:610:Infinity:undefined:undefined:undefined:undefined":43,"s:608:6:610:Infinity":242,"s:609:8:609:Infinity":243,"s:611:21:611:36":244,"s:612:23:612:47":245,"s:613:22:613:70":246,"s:614:26:614:48":247,"s:615:25:615:38":248,"s:616:38:620:8":249,"b:619:27:619:36:619:39:619:Infinity":44,"s:621:28:621:30":250,"s:622:6:622:Infinity":251,"s:623:27:623:90":252,"b:624:6:626:Infinity:undefined:undefined:undefined:undefined":45,"s:624:6:626:Infinity":253,"s:625:8:625:Infinity":254,"s:627:37:627:49":255,"s:628:6:628:Infinity":256,"f:632:9:632:20":38,"s:633:2:674:Infinity":257,"f:635:4:635:16":39,"s:636:6:641:Infinity":258,"f:643:10:643:19":40,"s:644:6:648:Infinity":259,"f:650:10:650:14":41,"s:651:6:651:Infinity":260,"f:653:10:653:16":42,"s:654:20:654:69":261,"s:655:6:672:Infinity":262,"f:656:19:656:24":43,"s:657:27:657:96":263,"b:658:10:670:Infinity:663:17:670:Infinity":46,"s:658:10:670:Infinity":264,"s:659:12:662:Infinity":265,"s:664:12:669:Infinity":266,"f:676:9:676:25":44,"s:677:2:728:Infinity":267,"f:678:10:678:21":45,"s:679:26:679:87":268,"s:680:21:680:63":269,"b:681:6:684:Infinity:undefined:undefined:undefined:undefined":47,"s:681:6:684:Infinity":270,"s:682:8:682:Infinity":271,"s:683:8:683:Infinity":272,"s:685:6:685:Infinity":273,"f:687:10:687:21":46,"s:688:26:688:87":274,"s:689:6:689:Infinity":275,"f:691:10:691:18":47,"s:692:20:692:74":276,"s:693:6:693:Infinity":277,"f:695:10:695:22":48,"s:696:20:696:74":278,"s:697:6:702:Infinity":279,"f:704:10:704:20":49,"s:705:20:705:74":280,"s:706:6:710:Infinity":281,"f:712:10:712:32":50,"s:713:23:713:47":282,"b:714:6:716:Infinity:undefined:undefined:undefined:undefined":48,"s:714:6:716:Infinity":283,"s:715:8:715:Infinity":284,"s:717:20:717:74":285,"s:718:21:722:8":286,"b:723:6:725:Infinity:undefined:undefined:undefined:undefined":49,"s:723:6:725:Infinity":287,"s:724:8:724:Infinity":288,"s:726:6:726:Infinity":289,"s:730:17:734:1":290,"s:735:14:745:1":291,"s:746:0:746:Infinity":292}}}
,"/home/george/Code/strapi-plugin-oidc/test-app/dist/config/admin.js": {"path":"/home/george/Code/strapi-plugin-oidc/test-app/dist/config/admin.js","statementMap":{"0":{"start":{"line":2,"column":0},"end":{"line":2,"column":null}},"1":{"start":{"line":3,"column":15},"end":{"line":22,"column":2}},"2":{"start":{"line":3,"column":29},"end":{"line":22,"column":1}},"3":{"start":{"line":23,"column":0},"end":{"line":23,"column":null}}},"fnMap":{"0":{"name":"(anonymous_0)","decl":{"start":{"line":3,"column":15},"end":{"line":3,"column":16}},"loc":{"start":{"line":3,"column":29},"end":{"line":22,"column":1}},"line":3}},"branchMap":{},"s":{"0":3,"1":3,"2":3,"3":3},"f":{"0":3},"b":{},"meta":{"lastBranch":0,"lastFunction":1,"lastStatement":4,"seen":{"s:2:0:2:Infinity":0,"s:3:15:22:2":1,"f:3:15:3:16":0,"s:3:29:22:1":2,"s:23:0:23:Infinity":3}}}
,"/home/george/Code/strapi-plugin-oidc/test-app/dist/config/api.js": {"path":"/home/george/Code/strapi-plugin-oidc/test-app/dist/config/api.js","statementMap":{"0":{"start":{"line":2,"column":0},"end":{"line":2,"column":null}},"1":{"start":{"line":3,"column":15},"end":{"line":9,"column":1}},"2":{"start":{"line":10,"column":0},"end":{"line":10,"column":null}}},"fnMap":{},"branchMap":{},"s":{"0":3,"1":3,"2":3},"f":{},"b":{},"meta":{"lastBranch":0,"lastFunction":0,"lastStatement":3,"seen":{"s:2:0:2:Infinity":0,"s:3:15:9:1":1,"s:10:0:10:Infinity":2}}}
,"/home/george/Code/strapi-plugin-oidc/test-app/dist/config/database.js": {"path":"/home/george/Code/strapi-plugin-oidc/test-app/dist/config/database.js","statementMap":{"0":{"start":{"line":2,"column":22},"end":{"line":4,"column":1}},"1":{"start":{"line":3,"column":4},"end":{"line":3,"column":null}},"2":{"start":{"line":5,"column":0},"end":{"line":5,"column":null}},"3":{"start":{"line":6,"column":15},"end":{"line":6,"column":47}},"4":{"start":{"line":7,"column":15},"end":{"line":62,"column":1}},"5":{"start":{"line":8,"column":19},"end":{"line":8,"column":51}},"6":{"start":{"line":9,"column":24},"end":{"line":54,"column":5}},"7":{"start":{"line":55,"column":4},"end":{"line":61,"column":null}},"8":{"start":{"line":63,"column":0},"end":{"line":63,"column":null}}},"fnMap":{"0":{"name":"(anonymous_0)","decl":{"start":{"line":2,"column":56},"end":{"line":2,"column":64}},"loc":{"start":{"line":2,"column":71},"end":{"line":4,"column":1}},"line":2},"1":{"name":"(anonymous_1)","decl":{"start":{"line":7,"column":15},"end":{"line":7,"column":16}},"loc":{"start":{"line":7,"column":28},"end":{"line":62,"column":1}},"line":7}},"branchMap":{"0":{"loc":{"start":{"line":2,"column":22},"end":{"line":4,"column":1}},"type":"binary-expr","locations":[{"start":{"line":2,"column":23},"end":{"line":2,"column":27}},{"start":{"line":2,"column":31},"end":{"line":2,"column":51}},{"start":{"line":2,"column":56},"end":{"line":4,"column":1}}],"line":2},"1":{"loc":{"start":{"line":3,"column":11},"end":{"line":3,"column":61}},"type":"cond-expr","locations":[{"start":{"line":3,"column":37},"end":{"line":3,"column":40}},{"start":{"line":3,"column":43},"end":{"line":3,"column":61}}],"line":3},"2":{"loc":{"start":{"line":3,"column":12},"end":{"line":3,"column":33}},"type":"binary-expr","locations":[{"start":{"line":3,"column":12},"end":{"line":3,"column":15}},{"start":{"line":3,"column":19},"end":{"line":3,"column":33}}],"line":3},"3":{"loc":{"start":{"line":17,"column":21},"end":{"line":24,"column":17}},"type":"binary-expr","locations":[{"start":{"line":17,"column":21},"end":{"line":17,"column":52}},{"start":{"line":17,"column":56},"end":{"line":24,"column":17}}],"line":17},"4":{"loc":{"start":{"line":36,"column":21},"end":{"line":43,"column":17}},"type":"binary-expr","locations":[{"start":{"line":36,"column":21},"end":{"line":36,"column":52}},{"start":{"line":36,"column":56},"end":{"line":43,"column":17}}],"line":36}},"s":{"0":3,"1":3,"2":3,"3":3,"4":3,"5":3,"6":3,"7":3,"8":3},"f":{"0":3,"1":3},"b":{"0":[3,3,3],"1":[0,3],"2":[3,3],"3":[3,0],"4":[3,0]},"meta":{"lastBranch":5,"lastFunction":2,"lastStatement":9,"seen":{"s:2:22:4:1":0,"b:2:23:2:27:2:31:2:51:2:56:4:1":0,"f:2:56:2:64":0,"s:3:4:3:Infinity":1,"b:3:37:3:40:3:43:3:61":1,"b:3:12:3:15:3:19:3:33":2,"s:5:0:5:Infinity":2,"s:6:15:6:47":3,"s:7:15:62:1":4,"f:7:15:7:16":1,"s:8:19:8:51":5,"s:9:24:54:5":6,"b:17:21:17:52:17:56:24:17":3,"b:36:21:36:52:36:56:43:17":4,"s:55:4:61:Infinity":7,"s:63:0:63:Infinity":8}}}
,"/home/george/Code/strapi-plugin-oidc/test-app/dist/config/middlewares.js": {"path":"/home/george/Code/strapi-plugin-oidc/test-app/dist/config/middlewares.js","statementMap":{"0":{"start":{"line":2,"column":0},"end":{"line":2,"column":null}},"1":{"start":{"line":3,"column":15},"end":{"line":14,"column":1}},"2":{"start":{"line":15,"column":0},"end":{"line":15,"column":null}}},"fnMap":{},"branchMap":{},"s":{"0":3,"1":3,"2":3},"f":{},"b":{},"meta":{"lastBranch":0,"lastFunction":0,"lastStatement":3,"seen":{"s:2:0:2:Infinity":0,"s:3:15:14:1":1,"s:15:0:15:Infinity":2}}}
,"/home/george/Code/strapi-plugin-oidc/test-app/dist/config/plugins.js": {"path":"/home/george/Code/strapi-plugin-oidc/test-app/dist/config/plugins.js","statementMap":{"0":{"start":{"line":2,"column":0},"end":{"line":2,"column":null}},"1":{"start":{"line":3,"column":15},"end":{"line":8,"column":2}},"2":{"start":{"line":3,"column":29},"end":{"line":8,"column":1}},"3":{"start":{"line":9,"column":0},"end":{"line":9,"column":null}}},"fnMap":{"0":{"name":"(anonymous_0)","decl":{"start":{"line":3,"column":15},"end":{"line":3,"column":16}},"loc":{"start":{"line":3,"column":29},"end":{"line":8,"column":1}},"line":3}},"branchMap":{},"s":{"0":3,"1":3,"2":9,"3":3},"f":{"0":9},"b":{},"meta":{"lastBranch":0,"lastFunction":1,"lastStatement":4,"seen":{"s:2:0:2:Infinity":0,"s:3:15:8:2":1,"f:3:15:3:16":0,"s:3:29:8:1":2,"s:9:0:9:Infinity":3}}}
,"/home/george/Code/strapi-plugin-oidc/test-app/dist/config/server.js": {"path":"/home/george/Code/strapi-plugin-oidc/test-app/dist/config/server.js","statementMap":{"0":{"start":{"line":2,"column":0},"end":{"line":2,"column":null}},"1":{"start":{"line":3,"column":15},"end":{"line":9,"column":2}},"2":{"start":{"line":3,"column":29},"end":{"line":9,"column":1}},"3":{"start":{"line":10,"column":0},"end":{"line":10,"column":null}}},"fnMap":{"0":{"name":"(anonymous_0)","decl":{"start":{"line":3,"column":15},"end":{"line":3,"column":16}},"loc":{"start":{"line":3,"column":29},"end":{"line":9,"column":1}},"line":3}},"branchMap":{},"s":{"0":3,"1":3,"2":3,"3":3},"f":{"0":3},"b":{},"meta":{"lastBranch":0,"lastFunction":1,"lastStatement":4,"seen":{"s:2:0:2:Infinity":0,"s:3:15:9:2":1,"f:3:15:3:16":0,"s:3:29:9:1":2,"s:10:0:10:Infinity":3}}}
,"/home/george/Code/strapi-plugin-oidc/test-app/dist/src/index.js": {"path":"/home/george/Code/strapi-plugin-oidc/test-app/dist/src/index.js","statementMap":{"0":{"start":{"line":3,"column":0},"end":{"line":3,"column":null}},"1":{"start":{"line":4,"column":0},"end":{"line":20,"column":null}}},"fnMap":{"0":{"name":"(anonymous_0)","decl":{"start":{"line":11,"column":4},"end":{"line":11,"column":12}},"loc":{"start":{"line":11,"column":57},"end":{"line":11,"column":60}},"line":11},"1":{"name":"(anonymous_1)","decl":{"start":{"line":19,"column":4},"end":{"line":19,"column":13}},"loc":{"start":{"line":19,"column":58},"end":{"line":19,"column":61}},"line":19}},"branchMap":{},"s":{"0":3,"1":3},"f":{"0":3,"1":3},"b":{},"meta":{"lastBranch":0,"lastFunction":2,"lastStatement":2,"seen":{"s:3:0:3:Infinity":0,"s:4:0:20:Infinity":1,"f:11:4:11:12":0,"f:19:4:19:13":1}}}
}
