{"/home/george/Code/strapi-plugin-oidc/server/controllers/oidc.ts": {"path":"/home/george/Code/strapi-plugin-oidc/server/controllers/oidc.ts","statementMap":{"0":{"start":{"line":6,"column":17},"end":{"line":6,"column":64}},"1":{"start":{"line":7,"column":2},"end":{"line":13,"column":null}},"2":{"start":{"line":13,"column":4},"end":{"line":13,"column":null}},"3":{"start":{"line":15,"column":2},"end":{"line":15,"column":null}},"4":{"start":{"line":19,"column":18},"end":{"line":19,"column":null}},"5":{"start":{"line":20,"column":90},"end":{"line":20,"column":108}},"6":{"start":{"line":24,"column":4},"end":{"line":24,"column":25}},"7":{"start":{"line":27,"column":2},"end":{"line":27,"column":null}},"8":{"start":{"line":29,"column":2},"end":{"line":30,"column":null}},"9":{"start":{"line":30,"column":4},"end":{"line":30,"column":null}},"10":{"start":{"line":32,"column":2},"end":{"line":32,"column":null}},"11":{"start":{"line":34,"column":17},"end":{"line":34,"column":38}},"12":{"start":{"line":35,"column":2},"end":{"line":35,"column":null}},"13":{"start":{"line":36,"column":2},"end":{"line":36,"column":null}},"14":{"start":{"line":37,"column":2},"end":{"line":37,"column":null}},"15":{"start":{"line":38,"column":2},"end":{"line":38,"column":null}},"16":{"start":{"line":39,"column":2},"end":{"line":39,"column":null}},"17":{"start":{"line":40,"column":2},"end":{"line":40,"column":null}},"18":{"start":{"line":41,"column":2},"end":{"line":41,"column":null}},"19":{"start":{"line":42,"column":27},"end":{"line":42,"column":null}},"20":{"start":{"line":43,"column":2},"end":{"line":43,"column":null}},"21":{"start":{"line":44,"column":2},"end":{"line":44,"column":null}},"22":{"start":{"line":48,"column":17},"end":{"line":48,"column":35}},"23":{"start":{"line":49,"column":21},"end":{"line":49,"column":35}},"24":{"start":{"line":50,"column":22},"end":{"line":50,"column":51}},"25":{"start":{"line":51,"column":23},"end":{"line":51,"column":75}},"26":{"start":{"line":52,"column":22},"end":{"line":52,"column":73}},"27":{"start":{"line":53,"column":27},"end":{"line":53,"column":83}},"28":{"start":{"line":55,"column":2},"end":{"line":56,"column":null}},"29":{"start":{"line":56,"column":4},"end":{"line":56,"column":null}},"30":{"start":{"line":58,"column":2},"end":{"line":59,"column":null}},"31":{"start":{"line":59,"column":4},"end":{"line":59,"column":null}},"32":{"start":{"line":62,"column":17},"end":{"line":62,"column":38}},"33":{"start":{"line":63,"column":2},"end":{"line":63,"column":null}},"34":{"start":{"line":64,"column":2},"end":{"line":64,"column":null}},"35":{"start":{"line":65,"column":2},"end":{"line":65,"column":null}},"36":{"start":{"line":66,"column":2},"end":{"line":66,"column":null}},"37":{"start":{"line":67,"column":2},"end":{"line":67,"column":null}},"38":{"start":{"line":70,"column":2},"end":{"line":70,"column":null}},"39":{"start":{"line":72,"column":2},"end":{"line":142,"column":null}},"40":{"start":{"line":73,"column":21},"end":{"line":77,"column":6}},"41":{"start":{"line":79,"column":34},"end":{"line":79,"column":36}},"42":{"start":{"line":80,"column":37},"end":{"line":80,"column":null}},"43":{"start":{"line":82,"column":4},"end":{"line":86,"column":null}},"44":{"start":{"line":83,"column":6},"end":{"line":85,"column":null}},"45":{"start":{"line":86,"column":6},"end":{"line":86,"column":null}},"46":{"start":{"line":89,"column":29},"end":{"line":89,"column":null}},"47":{"start":{"line":91,"column":25},"end":{"line":93,"column":null}},"48":{"start":{"line":96,"column":19},"end":{"line":96,"column":null}},"49":{"start":{"line":99,"column":26},"end":{"line":99,"column":78}},"50":{"start":{"line":101,"column":19},"end":{"line":101,"column":58}},"51":{"start":{"line":105,"column":4},"end":{"line":130,"column":null}},"52":{"start":{"line":107,"column":6},"end":{"line":107,"column":null}},"53":{"start":{"line":108,"column":6},"end":{"line":108,"column":null}},"54":{"start":{"line":111,"column":18},"end":{"line":111,"column":20}},"55":{"start":{"line":112,"column":6},"end":{"line":116,"column":null}},"56":{"start":{"line":113,"column":8},"end":{"line":113,"column":null}},"57":{"start":{"line":115,"column":26},"end":{"line":115,"column":55}},"58":{"start":{"line":116,"column":8},"end":{"line":116,"column":null}},"59":{"start":{"line":119,"column":28},"end":{"line":119,"column":80}},"60":{"start":{"line":120,"column":6},"end":{"line":126,"column":null}},"61":{"start":{"line":127,"column":6},"end":{"line":127,"column":null}},"62":{"start":{"line":130,"column":6},"end":{"line":130,"column":null}},"63":{"start":{"line":133,"column":4},"end":{"line":133,"column":null}},"64":{"start":{"line":136,"column":10},"end":{"line":136,"column":30}},"65":{"start":{"line":137,"column":17},"end":{"line":137,"column":80}},"66":{"start":{"line":138,"column":4},"end":{"line":138,"column":null}},"67":{"start":{"line":139,"column":4},"end":{"line":139,"column":null}},"68":{"start":{"line":141,"column":4},"end":{"line":141,"column":null}},"69":{"start":{"line":142,"column":4},"end":{"line":142,"column":null}},"70":{"start":{"line":147,"column":17},"end":{"line":147,"column":64}},"71":{"start":{"line":148,"column":20},"end":{"line":148,"column":null}},"72":{"start":{"line":150,"column":2},"end":{"line":154,"column":null}},"73":{"start":{"line":151,"column":4},"end":{"line":151,"column":null}},"74":{"start":{"line":153,"column":26},"end":{"line":153,"column":66}},"75":{"start":{"line":154,"column":4},"end":{"line":154,"column":null}}},"fnMap":{"0":{"name":"configValidation","decl":{"start":{"line":5,"column":9},"end":{"line":5,"column":52}},"loc":{"start":{"line":5,"column":52},"end":{"line":15,"column":null}},"line":5},"1":{"name":"oidcSignIn","decl":{"start":{"line":18,"column":15},"end":{"line":18,"column":26}},"loc":{"start":{"line":18,"column":36},"end":{"line":44,"column":null}},"line":18},"2":{"name":"oidcSignInCallback","decl":{"start":{"line":47,"column":15},"end":{"line":47,"column":34}},"loc":{"start":{"line":47,"column":44},"end":{"line":142,"column":null}},"line":47},"3":{"name":"logout","decl":{"start":{"line":146,"column":15},"end":{"line":146,"column":22}},"loc":{"start":{"line":146,"column":32},"end":{"line":154,"column":null}},"line":146}},"branchMap":{"0":{"loc":{"start":{"line":7,"column":2},"end":{"line":13,"column":null}},"type":"if","locations":[{"start":{"line":7,"column":2},"end":{"line":13,"column":null}},{"start":{},"end":{}}],"line":7},"1":{"loc":{"start":{"line":7,"column":6},"end":{"line":11,"column":null}},"type":"binary-expr","locations":[{"start":{"line":7,"column":6},"end":{"line":7,"column":34}},{"start":{"line":7,"column":34},"end":{"line":7,"column":null}},{"start":{"line":8,"column":9},"end":{"line":8,"column":40}},{"start":{"line":8,"column":40},"end":{"line":8,"column":null}},{"start":{"line":9,"column":9},"end":{"line":9,"column":42}},{"start":{"line":9,"column":42},"end":{"line":9,"column":null}},{"start":{"line":10,"column":9},"end":{"line":10,"column":38}},{"start":{"line":10,"column":38},"end":{"line":10,"column":null}},{"start":{"line":11,"column":9},"end":{"line":11,"column":44}},{"start":{"line":11,"column":44},"end":{"line":11,"column":null}}],"line":7},"2":{"loc":{"start":{"line":29,"column":2},"end":{"line":30,"column":null}},"type":"if","locations":[{"start":{"line":29,"column":2},"end":{"line":30,"column":null}},{"start":{},"end":{}}],"line":29},"3":{"loc":{"start":{"line":55,"column":2},"end":{"line":56,"column":null}},"type":"if","locations":[{"start":{"line":55,"column":2},"end":{"line":56,"column":null}},{"start":{},"end":{}}],"line":55},"4":{"loc":{"start":{"line":58,"column":2},"end":{"line":59,"column":null}},"type":"if","locations":[{"start":{"line":58,"column":2},"end":{"line":59,"column":null}},{"start":{},"end":{}}],"line":58},"5":{"loc":{"start":{"line":58,"column":6},"end":{"line":58,"column":69}},"type":"binary-expr","locations":[{"start":{"line":58,"column":6},"end":{"line":58,"column":26}},{"start":{"line":58,"column":26},"end":{"line":58,"column":69}}],"line":58},"6":{"loc":{"start":{"line":82,"column":4},"end":{"line":86,"column":null}},"type":"if","locations":[{"start":{"line":82,"column":4},"end":{"line":86,"column":null}},{"start":{},"end":{}}],"line":82},"7":{"loc":{"start":{"line":105,"column":4},"end":{"line":130,"column":null}},"type":"if","locations":[{"start":{"line":105,"column":4},"end":{"line":130,"column":null}},{"start":{"line":109,"column":11},"end":{"line":130,"column":null}}],"line":105},"8":{"loc":{"start":{"line":112,"column":6},"end":{"line":116,"column":null}},"type":"if","locations":[{"start":{"line":112,"column":6},"end":{"line":116,"column":null}},{"start":{"line":114,"column":13},"end":{"line":116,"column":null}}],"line":112},"9":{"loc":{"start":{"line":112,"column":10},"end":{"line":112,"column":82}},"type":"binary-expr","locations":[{"start":{"line":112,"column":10},"end":{"line":112,"column":27}},{"start":{"line":112,"column":27},"end":{"line":112,"column":50}},{"start":{"line":112,"column":50},"end":{"line":112,"column":82}}],"line":112},"10":{"loc":{"start":{"line":116,"column":16},"end":{"line":116,"column":73}},"type":"cond-expr","locations":[{"start":{"line":116,"column":50},"end":{"line":116,"column":71}},{"start":{"line":116,"column":71},"end":{"line":116,"column":73}}],"line":116},"11":{"loc":{"start":{"line":116,"column":16},"end":{"line":116,"column":50}},"type":"binary-expr","locations":[{"start":{"line":116,"column":16},"end":{"line":116,"column":29}},{"start":{"line":116,"column":29},"end":{"line":116,"column":50}}],"line":116},"12":{"loc":{"start":{"line":150,"column":2},"end":{"line":154,"column":null}},"type":"if","locations":[{"start":{"line":150,"column":2},"end":{"line":154,"column":null}},{"start":{"line":152,"column":9},"end":{"line":154,"column":null}}],"line":150}},"s":{"0":2,"1":2,"2":2,"3":0,"4":1,"5":1,"6":1,"7":1,"8":1,"9":1,"10":1,"11":1,"12":1,"13":1,"14":1,"15":1,"16":1,"17":1,"18":1,"19":1,"20":1,"21":1,"22":1,"23":1,"24":1,"25":1,"26":1,"27":1,"28":1,"29":1,"30":0,"31":0,"32":0,"33":0,"34":0,"35":0,"36":0,"37":0,"38":0,"39":0,"40":0,"41":0,"42":0,"43":0,"44":0,"45":0,"46":0,"47":0,"48":0,"49":0,"50":0,"51":0,"52":0,"53":0,"54":0,"55":0,"56":0,"57":0,"58":0,"59":0,"60":0,"61":0,"62":0,"63":0,"64":0,"65":0,"66":0,"67":0,"68":0,"69":0,"70":2,"71":2,"72":2,"73":1,"74":1,"75":1},"f":{"0":2,"1":1,"2":1,"3":2},"b":{"0":[2,0],"1":[2,2,2,2,2,2,2,2,2,2],"2":[1,0],"3":[1,0],"4":[0,0],"5":[0,0],"6":[0,0],"7":[0,0],"8":[0,0],"9":[0,0,0],"10":[0,0],"11":[0,0],"12":[1,1]},"meta":{"lastBranch":13,"lastFunction":4,"lastStatement":76,"seen":{"f:5:9:5:52":0,"s:6:17:6:64":0,"b:7:2:13:Infinity:undefined:undefined:undefined:undefined":0,"s:7:2:13:Infinity":1,"b:7:6:7:34:7:34:7:Infinity:8:9:8:40:8:40:8:Infinity:9:9:9:42:9:42:9:Infinity:10:9:10:38:10:38:10:Infinity:11:9:11:44:11:44:11:Infinity":1,"s:13:4:13:Infinity":2,"s:15:2:15:Infinity":3,"f:18:15:18:26":1,"s:19:18:19:Infinity":4,"s:20:90:20:108":5,"s:24:4:24:25":6,"s:27:2:27:Infinity":7,"b:29:2:30:Infinity:undefined:undefined:undefined:undefined":2,"s:29:2:30:Infinity":8,"s:30:4:30:Infinity":9,"s:32:2:32:Infinity":10,"s:34:17:34:38":11,"s:35:2:35:Infinity":12,"s:36:2:36:Infinity":13,"s:37:2:37:Infinity":14,"s:38:2:38:Infinity":15,"s:39:2:39:Infinity":16,"s:40:2:40:Infinity":17,"s:41:2:41:Infinity":18,"s:42:27:42:Infinity":19,"s:43:2:43:Infinity":20,"s:44:2:44:Infinity":21,"f:47:15:47:34":2,"s:48:17:48:35":22,"s:49:21:49:35":23,"s:50:22:50:51":24,"s:51:23:51:75":25,"s:52:22:52:73":26,"s:53:27:53:83":27,"b:55:2:56:Infinity:undefined:undefined:undefined:undefined":3,"s:55:2:56:Infinity":28,"s:56:4:56:Infinity":29,"b:58:2:59:Infinity:undefined:undefined:undefined:undefined":4,"s:58:2:59:Infinity":30,"b:58:6:58:26:58:26:58:69":5,"s:59:4:59:Infinity":31,"s:62:17:62:38":32,"s:63:2:63:Infinity":33,"s:64:2:64:Infinity":34,"s:65:2:65:Infinity":35,"s:66:2:66:Infinity":36,"s:67:2:67:Infinity":37,"s:70:2:70:Infinity":38,"s:72:2:142:Infinity":39,"s:73:21:77:6":40,"s:79:34:79:36":41,"s:80:37:80:Infinity":42,"b:82:4:86:Infinity:undefined:undefined:undefined:undefined":6,"s:82:4:86:Infinity":43,"s:83:6:85:Infinity":44,"s:86:6:86:Infinity":45,"s:89:29:89:Infinity":46,"s:91:25:93:Infinity":47,"s:96:19:96:Infinity":48,"s:99:26:99:78":49,"s:101:19:101:58":50,"b:105:4:130:Infinity:109:11:130:Infinity":7,"s:105:4:130:Infinity":51,"s:107:6:107:Infinity":52,"s:108:6:108:Infinity":53,"s:111:18:111:20":54,"b:112:6:116:Infinity:114:13:116:Infinity":8,"s:112:6:116:Infinity":55,"b:112:10:112:27:112:27:112:50:112:50:112:82":9,"s:113:8:113:Infinity":56,"s:115:26:115:55":57,"s:116:8:116:Infinity":58,"b:116:50:116:71:116:71:116:73":10,"b:116:16:116:29:116:29:116:50":11,"s:119:28:119:80":59,"s:120:6:126:Infinity":60,"s:127:6:127:Infinity":61,"s:130:6:130:Infinity":62,"s:133:4:133:Infinity":63,"s:136:10:136:30":64,"s:137:17:137:80":65,"s:138:4:138:Infinity":66,"s:139:4:139:Infinity":67,"s:141:4:141:Infinity":68,"s:142:4:142:Infinity":69,"f:146:15:146:22":3,"s:147:17:147:64":70,"s:148:20:148:Infinity":71,"b:150:2:154:Infinity:152:9:154:Infinity":12,"s:150:2:154:Infinity":72,"s:151:4:151:Infinity":73,"s:153:26:153:66":74,"s:154:4:154:Infinity":75}}}
,"/home/george/Code/strapi-plugin-oidc/server/controllers/role.ts": {"path":"/home/george/Code/strapi-plugin-oidc/server/controllers/role.ts","statementMap":{"0":{"start":{"line":2,"column":22},"end":{"line":2,"column":73}},"1":{"start":{"line":3,"column":16},"end":{"line":3,"column":40}},"2":{"start":{"line":4,"column":23},"end":{"line":4,"column":45}},"3":{"start":{"line":5,"column":2},"end":{"line":8,"column":null}},"4":{"start":{"line":6,"column":4},"end":{"line":8,"column":null}},"5":{"start":{"line":7,"column":6},"end":{"line":8,"column":null}},"6":{"start":{"line":8,"column":8},"end":{"line":8,"column":null}},"7":{"start":{"line":12,"column":2},"end":{"line":12,"column":null}},"8":{"start":{"line":16,"column":2},"end":{"line":23,"column":null}},"9":{"start":{"line":17,"column":20},"end":{"line":17,"column":null}},"10":{"start":{"line":18,"column":24},"end":{"line":18,"column":75}},"11":{"start":{"line":19,"column":4},"end":{"line":19,"column":null}},"12":{"start":{"line":20,"column":4},"end":{"line":20,"column":null}},"13":{"start":{"line":22,"column":4},"end":{"line":22,"column":null}},"14":{"start":{"line":23,"column":4},"end":{"line":23,"column":null}}},"fnMap":{"0":{"name":"find","decl":{"start":{"line":1,"column":15},"end":{"line":1,"column":20}},"loc":{"start":{"line":1,"column":25},"end":{"line":12,"column":null}},"line":1},"1":{"name":"update","decl":{"start":{"line":15,"column":15},"end":{"line":15,"column":22}},"loc":{"start":{"line":15,"column":27},"end":{"line":23,"column":null}},"line":15}},"branchMap":{"0":{"loc":{"start":{"line":7,"column":6},"end":{"line":8,"column":null}},"type":"if","locations":[{"start":{"line":7,"column":6},"end":{"line":8,"column":null}},{"start":{},"end":{}}],"line":7}},"s":{"0":1,"1":1,"2":1,"3":1,"4":1,"5":1,"6":1,"7":1,"8":1,"9":1,"10":1,"11":1,"12":1,"13":0,"14":0},"f":{"0":1,"1":1},"b":{"0":[1,0]},"meta":{"lastBranch":1,"lastFunction":2,"lastStatement":15,"seen":{"f:1:15:1:20":0,"s:2:22:2:73":0,"s:3:16:3:40":1,"s:4:23:4:45":2,"s:5:2:8:Infinity":3,"s:6:4:8:Infinity":4,"b:7:6:8:Infinity:undefined:undefined:undefined:undefined":0,"s:7:6:8:Infinity":5,"s:8:8:8:Infinity":6,"s:12:2:12:Infinity":7,"f:15:15:15:22":1,"s:16:2:23:Infinity":8,"s:17:20:17:Infinity":9,"s:18:24:18:75":10,"s:19:4:19:Infinity":11,"s:20:4:20:Infinity":12,"s:22:4:22:Infinity":13,"s:23:4:23:Infinity":14}}}
,"/home/george/Code/strapi-plugin-oidc/server/controllers/whitelist.ts": {"path":"/home/george/Code/strapi-plugin-oidc/server/controllers/whitelist.ts","statementMap":{"0":{"start":{"line":2,"column":27},"end":{"line":2,"column":83}},"1":{"start":{"line":3,"column":19},"end":{"line":3,"column":55}},"2":{"start":{"line":4,"column":25},"end":{"line":4,"column":58}},"3":{"start":{"line":5,"column":2},"end":{"line":9,"column":null}},"4":{"start":{"line":13,"column":40},"end":{"line":13,"column":null}},"5":{"start":{"line":14,"column":27},"end":{"line":14,"column":83}},"6":{"start":{"line":15,"column":2},"end":{"line":15,"column":null}},"7":{"start":{"line":16,"column":2},"end":{"line":16,"column":null}},"8":{"start":{"line":20,"column":27},"end":{"line":20,"column":83}},"9":{"start":{"line":21,"column":19},"end":{"line":21,"column":55}},"10":{"start":{"line":22,"column":2},"end":{"line":24,"column":null}},"11":{"start":{"line":28,"column":25},"end":{"line":28,"column":null}},"12":{"start":{"line":29,"column":2},"end":{"line":33,"column":null}},"13":{"start":{"line":30,"column":4},"end":{"line":32,"column":null}},"14":{"start":{"line":33,"column":4},"end":{"line":33,"column":null}},"15":{"start":{"line":37,"column":20},"end":{"line":37,"column":101}},"16":{"start":{"line":37,"column":77},"end":{"line":37,"column":85}},"17":{"start":{"line":37,"column":99},"end":{"line":37,"column":101}},"18":{"start":{"line":39,"column":24},"end":{"line":42,"column":4}},"19":{"start":{"line":44,"column":27},"end":{"line":44,"column":83}},"20":{"start":{"line":45,"column":34},"end":{"line":45,"column":null}},"21":{"start":{"line":47,"column":2},"end":{"line":62,"column":null}},"22":{"start":{"line":48,"column":25},"end":{"line":48,"column":73}},"23":{"start":{"line":48,"column":49},"end":{"line":48,"column":73}},"24":{"start":{"line":49,"column":21},"end":{"line":49,"column":null}},"25":{"start":{"line":51,"column":4},"end":{"line":53,"column":null}},"26":{"start":{"line":52,"column":6},"end":{"line":52,"column":null}},"27":{"start":{"line":52,"column":47},"end":{"line":52,"column":62}},"28":{"start":{"line":53,"column":6},"end":{"line":53,"column":null}},"29":{"start":{"line":57,"column":31},"end":{"line":59,"column":6}},"30":{"start":{"line":61,"column":4},"end":{"line":62,"column":null}},"31":{"start":{"line":62,"column":6},"end":{"line":62,"column":null}},"32":{"start":{"line":66,"column":2},"end":{"line":66,"column":null}},"33":{"start":{"line":70,"column":15},"end":{"line":70,"column":null}},"34":{"start":{"line":71,"column":27},"end":{"line":71,"column":83}},"35":{"start":{"line":72,"column":2},"end":{"line":72,"column":null}},"36":{"start":{"line":73,"column":2},"end":{"line":73,"column":null}},"37":{"start":{"line":77,"column":20},"end":{"line":77,"column":null}},"38":{"start":{"line":78,"column":27},"end":{"line":78,"column":83}},"39":{"start":{"line":80,"column":23},"end":{"line":80,"column":56}},"40":{"start":{"line":81,"column":34},"end":{"line":81,"column":null}},"41":{"start":{"line":83,"column":23},"end":{"line":83,"column":46}},"42":{"start":{"line":83,"column":38},"end":{"line":83,"column":46}},"43":{"start":{"line":84,"column":30},"end":{"line":87,"column":4}},"44":{"start":{"line":89,"column":2},"end":{"line":91,"column":null}},"45":{"start":{"line":90,"column":4},"end":{"line":91,"column":null}},"46":{"start":{"line":90,"column":25},"end":{"line":90,"column":52}},"47":{"start":{"line":91,"column":6},"end":{"line":91,"column":null}},"48":{"start":{"line":95,"column":2},"end":{"line":113,"column":null}},"49":{"start":{"line":96,"column":31},"end":{"line":96,"column":84}},"50":{"start":{"line":96,"column":61},"end":{"line":96,"column":84}},"51":{"start":{"line":97,"column":21},"end":{"line":97,"column":null}},"52":{"start":{"line":98,"column":21},"end":{"line":98,"column":67}},"53":{"start":{"line":98,"column":44},"end":{"line":98,"column":67}},"54":{"start":{"line":100,"column":4},"end":{"line":102,"column":null}},"55":{"start":{"line":101,"column":6},"end":{"line":101,"column":null}},"56":{"start":{"line":101,"column":53},"end":{"line":101,"column":68}},"57":{"start":{"line":102,"column":6},"end":{"line":102,"column":null}},"58":{"start":{"line":105,"column":4},"end":{"line":113,"column":null}},"59":{"start":{"line":108,"column":6},"end":{"line":111,"column":null}},"60":{"start":{"line":113,"column":6},"end":{"line":113,"column":null}},"61":{"start":{"line":117,"column":2},"end":{"line":117,"column":null}}},"fnMap":{"0":{"name":"info","decl":{"start":{"line":1,"column":15},"end":{"line":1,"column":20}},"loc":{"start":{"line":1,"column":25},"end":{"line":9,"column":null}},"line":1},"1":{"name":"updateSettings","decl":{"start":{"line":12,"column":15},"end":{"line":12,"column":30}},"loc":{"start":{"line":12,"column":35},"end":{"line":16,"column":null}},"line":12},"2":{"name":"publicSettings","decl":{"start":{"line":19,"column":15},"end":{"line":19,"column":30}},"loc":{"start":{"line":19,"column":35},"end":{"line":24,"column":null}},"line":19},"3":{"name":"register","decl":{"start":{"line":27,"column":15},"end":{"line":27,"column":24}},"loc":{"start":{"line":27,"column":29},"end":{"line":66,"column":null}},"line":27},"4":{"name":"(anonymous_4)","decl":{"start":{"line":37,"column":68},"end":{"line":37,"column":72}},"loc":{"start":{"line":37,"column":77},"end":{"line":37,"column":85}},"line":37},"5":{"name":"(anonymous_5)","decl":{"start":{"line":37,"column":87},"end":{"line":37,"column":94}},"loc":{"start":{"line":37,"column":99},"end":{"line":37,"column":101}},"line":37},"6":{"name":"(anonymous_6)","decl":{"start":{"line":48,"column":39},"end":{"line":48,"column":44}},"loc":{"start":{"line":48,"column":49},"end":{"line":48,"column":73}},"line":48},"7":{"name":"(anonymous_7)","decl":{"start":{"line":52,"column":38},"end":{"line":52,"column":42}},"loc":{"start":{"line":52,"column":47},"end":{"line":52,"column":62}},"line":52},"8":{"name":"removeEmail","decl":{"start":{"line":69,"column":15},"end":{"line":69,"column":27}},"loc":{"start":{"line":69,"column":32},"end":{"line":73,"column":null}},"line":69},"9":{"name":"syncUsers","decl":{"start":{"line":76,"column":15},"end":{"line":76,"column":25}},"loc":{"start":{"line":76,"column":30},"end":{"line":117,"column":null}},"line":76},"10":{"name":"(anonymous_10)","decl":{"start":{"line":83,"column":29},"end":{"line":83,"column":33}},"loc":{"start":{"line":83,"column":38},"end":{"line":83,"column":46}},"line":83},"11":{"name":"(anonymous_11)","decl":{"start":{"line":90,"column":15},"end":{"line":90,"column":20}},"loc":{"start":{"line":90,"column":25},"end":{"line":90,"column":52}},"line":90},"12":{"name":"(anonymous_12)","decl":{"start":{"line":96,"column":51},"end":{"line":96,"column":56}},"loc":{"start":{"line":96,"column":61},"end":{"line":96,"column":84}},"line":96},"13":{"name":"(anonymous_13)","decl":{"start":{"line":98,"column":34},"end":{"line":98,"column":39}},"loc":{"start":{"line":98,"column":44},"end":{"line":98,"column":67}},"line":98},"14":{"name":"(anonymous_14)","decl":{"start":{"line":101,"column":44},"end":{"line":101,"column":48}},"loc":{"start":{"line":101,"column":53},"end":{"line":101,"column":68}},"line":101}},"branchMap":{"0":{"loc":{"start":{"line":7,"column":17},"end":{"line":7,"column":null}},"type":"binary-expr","locations":[{"start":{"line":7,"column":17},"end":{"line":7,"column":41}},{"start":{"line":7,"column":41},"end":{"line":7,"column":null}}],"line":7},"1":{"loc":{"start":{"line":23,"column":17},"end":{"line":23,"column":null}},"type":"binary-expr","locations":[{"start":{"line":23,"column":17},"end":{"line":23,"column":41}},{"start":{"line":23,"column":41},"end":{"line":23,"column":null}}],"line":23},"2":{"loc":{"start":{"line":29,"column":2},"end":{"line":33,"column":null}},"type":"if","locations":[{"start":{"line":29,"column":2},"end":{"line":33,"column":null}},{"start":{},"end":{}}],"line":29},"3":{"loc":{"start":{"line":37,"column":20},"end":{"line":37,"column":101}},"type":"cond-expr","locations":[{"start":{"line":37,"column":43},"end":{"line":37,"column":51}},{"start":{"line":37,"column":51},"end":{"line":37,"column":101}}],"line":37},"4":{"loc":{"start":{"line":51,"column":4},"end":{"line":53,"column":null}},"type":"if","locations":[{"start":{"line":51,"column":4},"end":{"line":53,"column":null}},{"start":{},"end":{}}],"line":51},"5":{"loc":{"start":{"line":51,"column":8},"end":{"line":51,"column":44}},"type":"binary-expr","locations":[{"start":{"line":51,"column":8},"end":{"line":51,"column":24}},{"start":{"line":51,"column":24},"end":{"line":51,"column":44}}],"line":51},"6":{"loc":{"start":{"line":61,"column":4},"end":{"line":62,"column":null}},"type":"if","locations":[{"start":{"line":61,"column":4},"end":{"line":62,"column":null}},{"start":{},"end":{}}],"line":61},"7":{"loc":{"start":{"line":90,"column":4},"end":{"line":91,"column":null}},"type":"if","locations":[{"start":{"line":90,"column":4},"end":{"line":91,"column":null}},{"start":{},"end":{}}],"line":90},"8":{"loc":{"start":{"line":100,"column":4},"end":{"line":102,"column":null}},"type":"if","locations":[{"start":{"line":100,"column":4},"end":{"line":102,"column":null}},{"start":{},"end":{}}],"line":100},"9":{"loc":{"start":{"line":100,"column":8},"end":{"line":100,"column":69}},"type":"binary-expr","locations":[{"start":{"line":100,"column":8},"end":{"line":100,"column":21}},{"start":{"line":100,"column":21},"end":{"line":100,"column":43}},{"start":{"line":100,"column":43},"end":{"line":100,"column":69}}],"line":100},"10":{"loc":{"start":{"line":105,"column":4},"end":{"line":113,"column":null}},"type":"if","locations":[{"start":{"line":105,"column":4},"end":{"line":113,"column":null}},{"start":{"line":112,"column":11},"end":{"line":113,"column":null}}],"line":105}},"s":{"0":1,"1":1,"2":1,"3":1,"4":1,"5":1,"6":1,"7":1,"8":1,"9":1,"10":1,"11":1,"12":1,"13":0,"14":0,"15":1,"16":1,"17":1,"18":1,"19":1,"20":1,"21":1,"22":1,"23":0,"24":1,"25":1,"26":0,"27":0,"28":0,"29":1,"30":1,"31":1,"32":1,"33":1,"34":1,"35":1,"36":1,"37":0,"38":0,"39":0,"40":0,"41":0,"42":0,"43":0,"44":0,"45":0,"46":0,"47":0,"48":0,"49":0,"50":0,"51":0,"52":0,"53":0,"54":0,"55":0,"56":0,"57":0,"58":0,"59":0,"60":0,"61":0},"f":{"0":1,"1":1,"2":1,"3":1,"4":1,"5":1,"6":0,"7":0,"8":1,"9":0,"10":0,"11":0,"12":0,"13":0,"14":0},"b":{"0":[1,1],"1":[1,1],"2":[0,1],"3":[0,1],"4":[0,1],"5":[1,0],"6":[1,0],"7":[0,0],"8":[0,0],"9":[0,0,0],"10":[0,0]},"meta":{"lastBranch":11,"lastFunction":15,"lastStatement":62,"seen":{"f:1:15:1:20":0,"s:2:27:2:83":0,"s:3:19:3:55":1,"s:4:25:4:58":2,"s:5:2:9:Infinity":3,"b:7:17:7:41:7:41:7:Infinity":0,"f:12:15:12:30":1,"s:13:40:13:Infinity":4,"s:14:27:14:83":5,"s:15:2:15:Infinity":6,"s:16:2:16:Infinity":7,"f:19:15:19:30":2,"s:20:27:20:83":8,"s:21:19:21:55":9,"s:22:2:24:Infinity":10,"b:23:17:23:41:23:41:23:Infinity":1,"f:27:15:27:24":3,"s:28:25:28:Infinity":11,"b:29:2:33:Infinity:undefined:undefined:undefined:undefined":2,"s:29:2:33:Infinity":12,"s:30:4:32:Infinity":13,"s:33:4:33:Infinity":14,"s:37:20:37:101":15,"b:37:43:37:51:37:51:37:101":3,"f:37:68:37:72":4,"s:37:77:37:85":16,"f:37:87:37:94":5,"s:37:99:37:101":17,"s:39:24:42:4":18,"s:44:27:44:83":19,"s:45:34:45:Infinity":20,"s:47:2:62:Infinity":21,"s:48:25:48:73":22,"f:48:39:48:44":6,"s:48:49:48:73":23,"s:49:21:49:Infinity":24,"b:51:4:53:Infinity:undefined:undefined:undefined:undefined":4,"s:51:4:53:Infinity":25,"b:51:8:51:24:51:24:51:44":5,"s:52:6:52:Infinity":26,"f:52:38:52:42":7,"s:52:47:52:62":27,"s:53:6:53:Infinity":28,"s:57:31:59:6":29,"b:61:4:62:Infinity:undefined:undefined:undefined:undefined":6,"s:61:4:62:Infinity":30,"s:62:6:62:Infinity":31,"s:66:2:66:Infinity":32,"f:69:15:69:27":8,"s:70:15:70:Infinity":33,"s:71:27:71:83":34,"s:72:2:72:Infinity":35,"s:73:2:73:Infinity":36,"f:76:15:76:25":9,"s:77:20:77:Infinity":37,"s:78:27:78:83":38,"s:80:23:80:56":39,"s:81:34:81:Infinity":40,"s:83:23:83:46":41,"f:83:29:83:33":10,"s:83:38:83:46":42,"s:84:30:87:4":43,"s:89:2:91:Infinity":44,"b:90:4:91:Infinity:undefined:undefined:undefined:undefined":7,"s:90:4:91:Infinity":45,"f:90:15:90:20":11,"s:90:25:90:52":46,"s:91:6:91:Infinity":47,"s:95:2:113:Infinity":48,"s:96:31:96:84":49,"f:96:51:96:56":12,"s:96:61:96:84":50,"s:97:21:97:Infinity":51,"s:98:21:98:67":52,"f:98:34:98:39":13,"s:98:44:98:67":53,"b:100:4:102:Infinity:undefined:undefined:undefined:undefined":8,"s:100:4:102:Infinity":54,"b:100:8:100:21:100:21:100:43:100:43:100:69":9,"s:101:6:101:Infinity":55,"f:101:44:101:48":14,"s:101:53:101:68":56,"s:102:6:102:Infinity":57,"b:105:4:113:Infinity:112:11:113:Infinity":10,"s:105:4:113:Infinity":58,"s:108:6:111:Infinity":59,"s:113:6:113:Infinity":60,"s:117:2:117:Infinity":61}}}
,"/home/george/Code/strapi-plugin-oidc/server/services/oauth.ts": {"path":"/home/george/Code/strapi-plugin-oidc/server/services/oauth.ts","statementMap":{"0":{"start":{"line":6,"column":2},"end":{"line":157,"column":null}},"1":{"start":{"line":9,"column":24},"end":{"line":9,"column":53}},"2":{"start":{"line":10,"column":4},"end":{"line":13,"column":null}},"3":{"start":{"line":11,"column":21},"end":{"line":11,"column":80}},"4":{"start":{"line":12,"column":6},"end":{"line":13,"column":null}},"5":{"start":{"line":13,"column":8},"end":{"line":13,"column":null}},"6":{"start":{"line":17,"column":24},"end":{"line":23,"column":6}},"7":{"start":{"line":25,"column":4},"end":{"line":39,"column":null}},"8":{"start":{"line":42,"column":4},"end":{"line":43,"column":null}},"9":{"start":{"line":43,"column":6},"end":{"line":43,"column":null}},"10":{"start":{"line":45,"column":18},"end":{"line":45,"column":47}},"11":{"start":{"line":46,"column":27},"end":{"line":46,"column":49}},"12":{"start":{"line":47,"column":19},"end":{"line":47,"column":57}},"13":{"start":{"line":48,"column":19},"end":{"line":48,"column":54}},"14":{"start":{"line":49,"column":4},"end":{"line":49,"column":null}},"15":{"start":{"line":52,"column":4},"end":{"line":55,"column":null}},"16":{"start":{"line":53,"column":6},"end":{"line":53,"column":null}},"17":{"start":{"line":55,"column":6},"end":{"line":55,"column":null}},"18":{"start":{"line":60,"column":25},"end":{"line":60,"column":62}},"19":{"start":{"line":61,"column":21},"end":{"line":61,"column":54}},"20":{"start":{"line":63,"column":4},"end":{"line":64,"column":null}},"21":{"start":{"line":64,"column":6},"end":{"line":64,"column":null}},"22":{"start":{"line":66,"column":21},"end":{"line":66,"column":51}},"23":{"start":{"line":67,"column":28},"end":{"line":70,"column":12}},"24":{"start":{"line":69,"column":26},"end":{"line":69,"column":null}},"25":{"start":{"line":71,"column":4},"end":{"line":74,"column":null}},"26":{"start":{"line":77,"column":4},"end":{"line":77,"column":null}},"27":{"start":{"line":78,"column":21},"end":{"line":78,"column":54}},"28":{"start":{"line":79,"column":4},"end":{"line":82,"column":null}},"29":{"start":{"line":87,"column":19},"end":{"line":87,"column":66}},"30":{"start":{"line":88,"column":24},"end":{"line":88,"column":null}},"31":{"start":{"line":89,"column":25},"end":{"line":89,"column":null}},"32":{"start":{"line":91,"column":4},"end":{"line":106,"column":null}},"33":{"start":{"line":116,"column":4},"end":{"line":122,"column":null}},"34":{"start":{"line":127,"column":27},"end":{"line":127,"column":null}},"35":{"start":{"line":128,"column":4},"end":{"line":129,"column":null}},"36":{"start":{"line":129,"column":6},"end":{"line":129,"column":null}},"37":{"start":{"line":131,"column":19},"end":{"line":131,"column":34}},"38":{"start":{"line":133,"column":10},"end":{"line":133,"column":33}},"39":{"start":{"line":135,"column":19},"end":{"line":135,"column":66}},"40":{"start":{"line":136,"column":24},"end":{"line":136,"column":null}},"41":{"start":{"line":137,"column":23},"end":{"line":137,"column":null}},"42":{"start":{"line":139,"column":34},"end":{"line":143,"column":6}},"43":{"start":{"line":147,"column":26},"end":{"line":147,"column":28}},"44":{"start":{"line":148,"column":4},"end":{"line":148,"column":null}},"45":{"start":{"line":150,"column":25},"end":{"line":150,"column":88}},"46":{"start":{"line":151,"column":4},"end":{"line":152,"column":null}},"47":{"start":{"line":152,"column":6},"end":{"line":152,"column":null}},"48":{"start":{"line":154,"column":33},"end":{"line":154,"column":null}},"49":{"start":{"line":155,"column":4},"end":{"line":155,"column":null}}},"fnMap":{"0":{"name":"oauthService","decl":{"start":{"line":5,"column":24},"end":{"line":5,"column":37}},"loc":{"start":{"line":5,"column":49},"end":{"line":157,"column":null}},"line":5},"1":{"name":"(anonymous_1)","decl":{"start":{"line":7,"column":8},"end":{"line":7,"column":19}},"loc":{"start":{"line":7,"column":67},"end":{"line":39,"column":null}},"line":7},"2":{"name":"(anonymous_2)","decl":{"start":{"line":41,"column":2},"end":{"line":41,"column":16}},"loc":{"start":{"line":41,"column":38},"end":{"line":49,"column":null}},"line":41},"3":{"name":"(anonymous_3)","decl":{"start":{"line":51,"column":2},"end":{"line":51,"column":21}},"loc":{"start":{"line":51,"column":30},"end":{"line":55,"column":null}},"line":51},"4":{"name":"(anonymous_4)","decl":{"start":{"line":58,"column":8},"end":{"line":58,"column":23}},"loc":{"start":{"line":58,"column":29},"end":{"line":74,"column":null}},"line":58},"5":{"name":"(anonymous_5)","decl":{"start":{"line":69,"column":6},"end":{"line":69,"column":17}},"loc":{"start":{"line":69,"column":26},"end":{"line":69,"column":null}},"line":69},"6":{"name":"(anonymous_6)","decl":{"start":{"line":76,"column":2},"end":{"line":76,"column":23}},"loc":{"start":{"line":76,"column":29},"end":{"line":82,"column":null}},"line":76},"7":{"name":"(anonymous_7)","decl":{"start":{"line":85,"column":2},"end":{"line":85,"column":22}},"loc":{"start":{"line":85,"column":45},"end":{"line":106,"column":null}},"line":85},"8":{"name":"(anonymous_8)","decl":{"start":{"line":115,"column":2},"end":{"line":115,"column":20}},"loc":{"start":{"line":115,"column":29},"end":{"line":122,"column":null}},"line":115},"9":{"name":"(anonymous_9)","decl":{"start":{"line":126,"column":8},"end":{"line":126,"column":22}},"loc":{"start":{"line":126,"column":33},"end":{"line":155,"column":null}},"line":126}},"branchMap":{"0":{"loc":{"start":{"line":7,"column":55},"end":{"line":7,"column":65}},"type":"default-arg","locations":[{"start":{"line":7,"column":63},"end":{"line":7,"column":65}}],"line":7},"1":{"loc":{"start":{"line":10,"column":4},"end":{"line":13,"column":null}},"type":"if","locations":[{"start":{"line":10,"column":4},"end":{"line":13,"column":null}},{"start":{},"end":{}}],"line":10},"2":{"loc":{"start":{"line":12,"column":6},"end":{"line":13,"column":null}},"type":"if","locations":[{"start":{"line":12,"column":6},"end":{"line":13,"column":null}},{"start":{},"end":{}}],"line":12},"3":{"loc":{"start":{"line":18,"column":17},"end":{"line":18,"column":null}},"type":"cond-expr","locations":[{"start":{"line":18,"column":29},"end":{"line":18,"column":41}},{"start":{"line":18,"column":41},"end":{"line":18,"column":null}}],"line":18},"4":{"loc":{"start":{"line":19,"column":16},"end":{"line":19,"column":null}},"type":"cond-expr","locations":[{"start":{"line":19,"column":27},"end":{"line":19,"column":38}},{"start":{"line":19,"column":38},"end":{"line":19,"column":null}}],"line":19},"5":{"loc":{"start":{"line":28,"column":19},"end":{"line":28,"column":null}},"type":"cond-expr","locations":[{"start":{"line":28,"column":31},"end":{"line":28,"column":43}},{"start":{"line":28,"column":43},"end":{"line":28,"column":null}}],"line":28},"6":{"loc":{"start":{"line":29,"column":18},"end":{"line":29,"column":null}},"type":"cond-expr","locations":[{"start":{"line":29,"column":29},"end":{"line":29,"column":40}},{"start":{"line":29,"column":40},"end":{"line":29,"column":null}}],"line":29},"7":{"loc":{"start":{"line":42,"column":4},"end":{"line":43,"column":null}},"type":"if","locations":[{"start":{"line":42,"column":4},"end":{"line":43,"column":null}},{"start":{},"end":{}}],"line":42},"8":{"loc":{"start":{"line":52,"column":4},"end":{"line":55,"column":null}},"type":"if","locations":[{"start":{"line":52,"column":4},"end":{"line":55,"column":null}},{"start":{"line":54,"column":11},"end":{"line":55,"column":null}}],"line":52},"9":{"loc":{"start":{"line":52,"column":8},"end":{"line":52,"column":79}},"type":"binary-expr","locations":[{"start":{"line":52,"column":8},"end":{"line":52,"column":38}},{"start":{"line":52,"column":38},"end":{"line":52,"column":79}}],"line":52},"10":{"loc":{"start":{"line":63,"column":4},"end":{"line":64,"column":null}},"type":"if","locations":[{"start":{"line":63,"column":4},"end":{"line":64,"column":null}},{"start":{},"end":{}}],"line":63},"11":{"loc":{"start":{"line":128,"column":4},"end":{"line":129,"column":null}},"type":"if","locations":[{"start":{"line":128,"column":4},"end":{"line":129,"column":null}},{"start":{},"end":{}}],"line":128},"12":{"loc":{"start":{"line":142,"column":12},"end":{"line":142,"column":null}},"type":"cond-expr","locations":[{"start":{"line":142,"column":25},"end":{"line":142,"column":37}},{"start":{"line":142,"column":37},"end":{"line":142,"column":null}}],"line":142},"13":{"loc":{"start":{"line":151,"column":4},"end":{"line":152,"column":null}},"type":"if","locations":[{"start":{"line":151,"column":4},"end":{"line":152,"column":null}},{"start":{},"end":{}}],"line":151}},"s":{"0":5,"1":2,"2":2,"3":1,"4":1,"5":1,"6":1,"7":1,"8":2,"9":1,"10":1,"11":1,"12":1,"13":1,"14":1,"15":3,"16":1,"17":2,"18":0,"19":0,"20":0,"21":0,"22":0,"23":0,"24":0,"25":0,"26":0,"27":0,"28":0,"29":1,"30":1,"31":1,"32":1,"33":0,"34":0,"35":0,"36":0,"37":0,"38":0,"39":0,"40":0,"41":0,"42":0,"43":0,"44":0,"45":0,"46":0,"47":0,"48":0,"49":0},"f":{"0":5,"1":2,"2":2,"3":3,"4":0,"5":0,"6":0,"7":1,"8":0,"9":0},"b":{"0":[2],"1":[1,1],"2":[1,0],"3":[1,0],"4":[1,0],"5":[1,0],"6":[1,0],"7":[1,1],"8":[1,2],"9":[3,2],"10":[0,0],"11":[0,0],"12":[0,0],"13":[0,0]},"meta":{"lastBranch":14,"lastFunction":10,"lastStatement":50,"seen":{"f:5:24:5:37":0,"s:6:2:157:Infinity":0,"f:7:8:7:19":1,"b:7:63:7:65":0,"s:9:24:9:53":1,"b:10:4:13:Infinity:undefined:undefined:undefined:undefined":1,"s:10:4:13:Infinity":2,"s:11:21:11:80":3,"b:12:6:13:Infinity:undefined:undefined:undefined:undefined":2,"s:12:6:13:Infinity":4,"s:13:8:13:Infinity":5,"s:17:24:23:6":6,"b:18:29:18:41:18:41:18:Infinity":3,"b:19:27:19:38:19:38:19:Infinity":4,"s:25:4:39:Infinity":7,"b:28:31:28:43:28:43:28:Infinity":5,"b:29:29:29:40:29:40:29:Infinity":6,"f:41:2:41:16":2,"b:42:4:43:Infinity:undefined:undefined:undefined:undefined":7,"s:42:4:43:Infinity":8,"s:43:6:43:Infinity":9,"s:45:18:45:47":10,"s:46:27:46:49":11,"s:47:19:47:57":12,"s:48:19:48:54":13,"s:49:4:49:Infinity":14,"f:51:2:51:21":3,"b:52:4:55:Infinity:54:11:55:Infinity":8,"s:52:4:55:Infinity":15,"b:52:8:52:38:52:38:52:79":9,"s:53:6:53:Infinity":16,"s:55:6:55:Infinity":17,"f:58:8:58:23":4,"s:60:25:60:62":18,"s:61:21:61:54":19,"b:63:4:64:Infinity:undefined:undefined:undefined:undefined":10,"s:63:4:64:Infinity":20,"s:64:6:64:Infinity":21,"s:66:21:66:51":22,"s:67:28:70:12":23,"f:69:6:69:17":5,"s:69:26:69:Infinity":24,"s:71:4:74:Infinity":25,"f:76:2:76:23":6,"s:77:4:77:Infinity":26,"s:78:21:78:54":27,"s:79:4:82:Infinity":28,"f:85:2:85:22":7,"s:87:19:87:66":29,"s:88:24:88:Infinity":30,"s:89:25:89:Infinity":31,"s:91:4:106:Infinity":32,"f:115:2:115:20":8,"s:116:4:122:Infinity":33,"f:126:8:126:22":9,"s:127:27:127:Infinity":34,"b:128:4:129:Infinity:undefined:undefined:undefined:undefined":11,"s:128:4:129:Infinity":35,"s:129:6:129:Infinity":36,"s:131:19:131:34":37,"s:133:10:133:33":38,"s:135:19:135:66":39,"s:136:24:136:Infinity":40,"s:137:23:137:Infinity":41,"s:139:34:143:6":42,"b:142:25:142:37:142:37:142:Infinity":12,"s:147:26:147:28":43,"s:148:4:148:Infinity":44,"s:150:25:150:88":45,"b:151:4:152:Infinity:undefined:undefined:undefined:undefined":13,"s:151:4:152:Infinity":46,"s:152:6:152:Infinity":47,"s:154:33:154:Infinity":48,"s:155:4:155:Infinity":49}}}
,"/home/george/Code/strapi-plugin-oidc/server/services/role.ts": {"path":"/home/george/Code/strapi-plugin-oidc/server/services/role.ts","statementMap":{"0":{"start":{"line":2,"column":2},"end":{"line":47,"column":null}},"1":{"start":{"line":5,"column":6},"end":{"line":10,"column":null}},"2":{"start":{"line":13,"column":6},"end":{"line":19,"column":null}},"3":{"start":{"line":22,"column":6},"end":{"line":24,"column":null}},"4":{"start":{"line":27,"column":20},"end":{"line":27,"column":68}},"5":{"start":{"line":28,"column":6},"end":{"line":45,"column":null}},"6":{"start":{"line":30,"column":26},"end":{"line":30,"column":94}},"7":{"start":{"line":31,"column":10},"end":{"line":42,"column":null}},"8":{"start":{"line":32,"column":12},"end":{"line":35,"column":null}},"9":{"start":{"line":37,"column":12},"end":{"line":42,"column":null}}},"fnMap":{"0":{"name":"roleService","decl":{"start":{"line":1,"column":24},"end":{"line":1,"column":36}},"loc":{"start":{"line":1,"column":48},"end":{"line":47,"column":null}},"line":1},"1":{"name":"(anonymous_1)","decl":{"start":{"line":4,"column":4},"end":{"line":4,"column":15}},"loc":{"start":{"line":4,"column":15},"end":{"line":10,"column":null}},"line":4},"2":{"name":"(anonymous_2)","decl":{"start":{"line":12,"column":10},"end":{"line":12,"column":22}},"loc":{"start":{"line":12,"column":22},"end":{"line":19,"column":null}},"line":12},"3":{"name":"(anonymous_3)","decl":{"start":{"line":21,"column":10},"end":{"line":21,"column":17}},"loc":{"start":{"line":21,"column":17},"end":{"line":24,"column":null}},"line":21},"4":{"name":"(anonymous_4)","decl":{"start":{"line":26,"column":10},"end":{"line":26,"column":17}},"loc":{"start":{"line":26,"column":24},"end":{"line":45,"column":null}},"line":26},"5":{"name":"(anonymous_5)","decl":{"start":{"line":29,"column":18},"end":{"line":29,"column":25}},"loc":{"start":{"line":29,"column":34},"end":{"line":44,"column":null}},"line":29}},"branchMap":{"0":{"loc":{"start":{"line":31,"column":10},"end":{"line":42,"column":null}},"type":"if","locations":[{"start":{"line":31,"column":10},"end":{"line":42,"column":null}},{"start":{"line":36,"column":17},"end":{"line":42,"column":null}}],"line":31}},"s":{"0":3,"1":1,"2":1,"3":1,"4":0,"5":0,"6":0,"7":0,"8":0,"9":0},"f":{"0":3,"1":1,"2":1,"3":1,"4":0,"5":0},"b":{"0":[0,0]},"meta":{"lastBranch":1,"lastFunction":6,"lastStatement":10,"seen":{"f:1:24:1:36":0,"s:2:2:47:Infinity":0,"f:4:4:4:15":1,"s:5:6:10:Infinity":1,"f:12:10:12:22":2,"s:13:6:19:Infinity":2,"f:21:10:21:17":3,"s:22:6:24:Infinity":3,"f:26:10:26:17":4,"s:27:20:27:68":4,"s:28:6:45:Infinity":5,"f:29:18:29:25":5,"s:30:26:30:94":6,"b:31:10:42:Infinity:36:17:42:Infinity":0,"s:31:10:42:Infinity":7,"s:32:12:35:Infinity":8,"s:37:12:42:Infinity":9}}}
,"/home/george/Code/strapi-plugin-oidc/server/services/whitelist.ts": {"path":"/home/george/Code/strapi-plugin-oidc/server/services/whitelist.ts","statementMap":{"0":{"start":{"line":2,"column":2},"end":{"line":54,"column":null}},"1":{"start":{"line":4,"column":26},"end":{"line":4,"column":86}},"2":{"start":{"line":5,"column":21},"end":{"line":5,"column":63}},"3":{"start":{"line":6,"column":6},"end":{"line":8,"column":null}},"4":{"start":{"line":7,"column":8},"end":{"line":7,"column":null}},"5":{"start":{"line":8,"column":8},"end":{"line":8,"column":null}},"6":{"start":{"line":10,"column":6},"end":{"line":10,"column":null}},"7":{"start":{"line":13,"column":26},"end":{"line":13,"column":86}},"8":{"start":{"line":14,"column":6},"end":{"line":14,"column":null}},"9":{"start":{"line":17,"column":20},"end":{"line":17,"column":73}},"10":{"start":{"line":18,"column":6},"end":{"line":18,"column":null}},"11":{"start":{"line":21,"column":20},"end":{"line":21,"column":73}},"12":{"start":{"line":22,"column":6},"end":{"line":27,"column":null}},"13":{"start":{"line":30,"column":20},"end":{"line":30,"column":73}},"14":{"start":{"line":31,"column":6},"end":{"line":35,"column":null}},"15":{"start":{"line":38,"column":23},"end":{"line":38,"column":47}},"16":{"start":{"line":39,"column":6},"end":{"line":41,"column":null}},"17":{"start":{"line":41,"column":8},"end":{"line":41,"column":null}},"18":{"start":{"line":43,"column":20},"end":{"line":43,"column":73}},"19":{"start":{"line":44,"column":21},"end":{"line":48,"column":8}},"20":{"start":{"line":49,"column":6},"end":{"line":50,"column":null}},"21":{"start":{"line":50,"column":8},"end":{"line":50,"column":null}},"22":{"start":{"line":52,"column":6},"end":{"line":52,"column":null}}},"fnMap":{"0":{"name":"whitelistService","decl":{"start":{"line":1,"column":24},"end":{"line":1,"column":41}},"loc":{"start":{"line":1,"column":53},"end":{"line":54,"column":null}},"line":1},"1":{"name":"(anonymous_1)","decl":{"start":{"line":3,"column":10},"end":{"line":3,"column":24}},"loc":{"start":{"line":3,"column":24},"end":{"line":10,"column":null}},"line":3},"2":{"name":"(anonymous_2)","decl":{"start":{"line":12,"column":10},"end":{"line":12,"column":22}},"loc":{"start":{"line":12,"column":32},"end":{"line":14,"column":null}},"line":12},"3":{"name":"(anonymous_3)","decl":{"start":{"line":16,"column":10},"end":{"line":16,"column":21}},"loc":{"start":{"line":16,"column":21},"end":{"line":18,"column":null}},"line":16},"4":{"name":"(anonymous_4)","decl":{"start":{"line":20,"column":10},"end":{"line":20,"column":23}},"loc":{"start":{"line":20,"column":37},"end":{"line":27,"column":null}},"line":20},"5":{"name":"(anonymous_5)","decl":{"start":{"line":29,"column":10},"end":{"line":29,"column":21}},"loc":{"start":{"line":29,"column":25},"end":{"line":35,"column":null}},"line":29},"6":{"name":"(anonymous_6)","decl":{"start":{"line":37,"column":10},"end":{"line":37,"column":33}},"loc":{"start":{"line":37,"column":40},"end":{"line":52,"column":null}},"line":37}},"branchMap":{"0":{"loc":{"start":{"line":6,"column":6},"end":{"line":8,"column":null}},"type":"if","locations":[{"start":{"line":6,"column":6},"end":{"line":8,"column":null}},{"start":{},"end":{}}],"line":6},"1":{"loc":{"start":{"line":39,"column":6},"end":{"line":41,"column":null}},"type":"if","locations":[{"start":{"line":39,"column":6},"end":{"line":41,"column":null}},{"start":{},"end":{}}],"line":39},"2":{"loc":{"start":{"line":49,"column":6},"end":{"line":50,"column":null}},"type":"if","locations":[{"start":{"line":49,"column":6},"end":{"line":50,"column":null}},{"start":{},"end":{}}],"line":49}},"s":{"0":6,"1":5,"2":5,"3":5,"4":1,"5":1,"6":5,"7":0,"8":0,"9":0,"10":0,"11":1,"12":1,"13":0,"14":0,"15":3,"16":3,"17":1,"18":2,"19":2,"20":2,"21":1,"22":1},"f":{"0":6,"1":5,"2":0,"3":0,"4":1,"5":0,"6":3},"b":{"0":[1,4],"1":[1,2],"2":[1,1]},"meta":{"lastBranch":3,"lastFunction":7,"lastStatement":23,"seen":{"f:1:24:1:41":0,"s:2:2:54:Infinity":0,"f:3:10:3:24":1,"s:4:26:4:86":1,"s:5:21:5:63":2,"b:6:6:8:Infinity:undefined:undefined:undefined:undefined":0,"s:6:6:8:Infinity":3,"s:7:8:7:Infinity":4,"s:8:8:8:Infinity":5,"s:10:6:10:Infinity":6,"f:12:10:12:22":2,"s:13:26:13:86":7,"s:14:6:14:Infinity":8,"f:16:10:16:21":3,"s:17:20:17:73":9,"s:18:6:18:Infinity":10,"f:20:10:20:23":4,"s:21:20:21:73":11,"s:22:6:27:Infinity":12,"f:29:10:29:21":5,"s:30:20:30:73":13,"s:31:6:35:Infinity":14,"f:37:10:37:33":6,"s:38:23:38:47":15,"b:39:6:41:Infinity:undefined:undefined:undefined:undefined":1,"s:39:6:41:Infinity":16,"s:41:8:41:Infinity":17,"s:43:20:43:73":18,"s:44:21:48:8":19,"b:49:6:50:Infinity:undefined:undefined:undefined:undefined":2,"s:49:6:50:Infinity":20,"s:50:8:50:Infinity":21,"s:52:6:52:Infinity":22}}}
}
